fail: 2023-01-29 23:01:08.8357343 +08:00 星期日 L System.Logging.FriendlyException[0] #10
      中文提示 :  连接数据库过程中发生错误，检查服务器是否正常连接字符串是否正确，错误信息：Authentication method 'caching_sha2_password' failed. Either use a secure connection, specify the server's RSA public key with ServerRSAPublicKeyFile, or set AllowPublicKeyRetrieval=True.DbType="MySql";ConfigId="0".
      English Message : Connection open error . Authentication method 'caching_sha2_password' failed. Either use a secure connection, specify the server's RSA public key with ServerRSAPublicKeyFile, or set AllowPublicKeyRetrieval=True.DbType="MySql";ConfigId="0"      
      ++++++++++++++++++++++++++++++++++++++++++++++++++++++++
      SqlSugar.SqlSugarException: 中文提示 :  连接数据库过程中发生错误，检查服务器是否正常连接字符串是否正确，错误信息：Authentication method 'caching_sha2_password' failed. Either use a secure connection, specify the server's RSA public key with ServerRSAPublicKeyFile, or set AllowPublicKeyRetrieval=True.DbType="MySql";ConfigId="0".
      English Message : Connection open error . Authentication method 'caching_sha2_password' failed. Either use a secure connection, specify the server's RSA public key with ServerRSAPublicKeyFile, or set AllowPublicKeyRetrieval=True.DbType="MySql";ConfigId="0"
         at SqlSugar.Check.Exception(Boolean isException, String message, String[] args)
         at SqlSugar.AdoProvider.CheckConnection()
         at SqlSugar.MySqlProvider.GetCommand(String sql, SugarParameter[] parameters)
         at SqlSugar.AdoProvider.GetDataReader(String sql, SugarParameter[] parameters)
         at SqlSugar.QueryableProvider`1.GetData[TResult](KeyValuePair`2 sqlObj)
         at SqlSugar.QueryableProvider`1._ToList[TResult]()
         at SqlSugar.QueryableProvider`1.ToList()
         at SqlSugar.QueryableProvider`1.First()
         at SqlSugar.QueryableProvider`1.First(Expression`1 expression)
         at Magic.Core.Service.AuthService.LoginAsync(LoginInput input) in E:\项目\GlassesManager\backed\Magic.Core\Service\Auth\AuthService.cs:line 75
         at lambda_method29(Closure, Object)
         at Microsoft.AspNetCore.Mvc.Infrastructure.ActionMethodExecutor.AwaitableObjectResultExecutor.Execute(ActionContext actionContext, IActionResultTypeMapper mapper, ObjectMethodExecutor executor, Object controller, Object[] arguments)
         at Microsoft.AspNetCore.Mvc.Infrastructure.ControllerActionInvoker.<InvokeActionMethodAsync>g__Logged|12_1(ControllerActionInvoker invoker)
         at Microsoft.AspNetCore.Mvc.Infrastructure.ControllerActionInvoker.<InvokeNextActionFilterAsync>g__Awaited|10_0(ControllerActionInvoker invoker, Task lastTask, State next, Scope scope, Object state, Boolean isCompleted)
         at Microsoft.AspNetCore.Mvc.Infrastructure.ControllerActionInvoker.Rethrow(ActionExecutedContextSealed context)
         at Microsoft.AspNetCore.Mvc.Infrastructure.ControllerActionInvoker.Next(State& next, Scope& scope, Object& state, Boolean& isCompleted)
         at Microsoft.AspNetCore.Mvc.Infrastructure.ControllerActionInvoker.InvokeInnerFilterAsync()
      --- End of stack trace from previous location ---
         at Microsoft.AspNetCore.Mvc.Infrastructure.ResourceInvoker.<InvokeNextExceptionFilterAsync>g__Awaited|26_0(ResourceInvoker invoker, Task lastTask, State next, Scope scope, Object state, Boolean isCompleted)
      ++++++++++++++++++++++++++++++++++++++++++++++++++++++++
fail: 2023-01-29 23:01:08.9461765 +08:00 星期日 L System.Logging.EventBusService[0] #16
      Error occurred executing Create:ExLog.      
      ++++++++++++++++++++++++++++++++++++++++++++++++++++++++
      SqlSugar.SqlSugarException: Authentication method 'caching_sha2_password' failed. Either use a secure connection, specify the server's RSA public key with ServerRSAPublicKeyFile, or set AllowPublicKeyRetrieval=True.
         at SqlSugar.MySqlProvider.ExecuteCommandAsync(String sql, SugarParameter[] parameters)
         at SqlSugar.MySqlProvider.ExecuteCommandAsync(String sql, SugarParameter[] parameters)
         at SqlSugar.InsertableProvider`1.ExecuteCommandAsync()
         at Magic.Core.LogEventSubscriber.CreateExLog(EventHandlerExecutingContext context) in E:\项目\GlassesManager\backed\Magic.Core\EventSubscriber\LogEventSubscriber.cs:line 33
         at Furion.EventBus.EventBusHostedService.<>c__DisplayClass32_2.<<BackgroundProcessing>b__5>d.MoveNext()
      --- End of stack trace from previous location ---
         at Furion.FriendlyException.Retry.InvokeAsync(Func`1 action, Int32 numRetries, Int32 retryTimeout, Boolean finalThrow, Type[] exceptionTypes, Func`2 fallbackPolicy, Action`2 retryAction)
         at Furion.EventBus.EventBusHostedService.<>c__DisplayClass32_1.<<BackgroundProcessing>b__4>d.MoveNext()
      ++++++++++++++++++++++++++++++++++++++++++++++++++++++++
fail: 2023-01-29 23:01:08.9461766 +08:00 星期日 L System.Logging.EventBusService[0] #9
      Error occurred executing Create:OpLog.      
      ++++++++++++++++++++++++++++++++++++++++++++++++++++++++
      SqlSugar.SqlSugarException: Authentication method 'caching_sha2_password' failed. Either use a secure connection, specify the server's RSA public key with ServerRSAPublicKeyFile, or set AllowPublicKeyRetrieval=True.
         at SqlSugar.MySqlProvider.ExecuteCommandAsync(String sql, SugarParameter[] parameters)
         at SqlSugar.MySqlProvider.ExecuteCommandAsync(String sql, SugarParameter[] parameters)
         at SqlSugar.InsertableProvider`1.ExecuteCommandAsync()
         at Magic.Core.LogEventSubscriber.CreateOpLog(EventHandlerExecutingContext context) in E:\项目\GlassesManager\backed\Magic.Core\EventSubscriber\LogEventSubscriber.cs:line 24
         at Furion.EventBus.EventBusHostedService.<>c__DisplayClass32_2.<<BackgroundProcessing>b__5>d.MoveNext()
      --- End of stack trace from previous location ---
         at Furion.FriendlyException.Retry.InvokeAsync(Func`1 action, Int32 numRetries, Int32 retryTimeout, Boolean finalThrow, Type[] exceptionTypes, Func`2 fallbackPolicy, Action`2 retryAction)
         at Furion.EventBus.EventBusHostedService.<>c__DisplayClass32_1.<<BackgroundProcessing>b__4>d.MoveNext()
      ++++++++++++++++++++++++++++++++++++++++++++++++++++++++
fail: 2023-01-29 23:03:51.4227117 +08:00 星期日 L System.Logging.FriendlyException[0] #26
      中文提示 :  连接数据库过程中发生错误，检查服务器是否正常连接字符串是否正确，错误信息：Authentication method 'caching_sha2_password' failed. Either use a secure connection, specify the server's RSA public key with ServerRSAPublicKeyFile, or set AllowPublicKeyRetrieval=True.DbType="MySql";ConfigId="0".
      English Message : Connection open error . Authentication method 'caching_sha2_password' failed. Either use a secure connection, specify the server's RSA public key with ServerRSAPublicKeyFile, or set AllowPublicKeyRetrieval=True.DbType="MySql";ConfigId="0"      
      ++++++++++++++++++++++++++++++++++++++++++++++++++++++++
      SqlSugar.SqlSugarException: 中文提示 :  连接数据库过程中发生错误，检查服务器是否正常连接字符串是否正确，错误信息：Authentication method 'caching_sha2_password' failed. Either use a secure connection, specify the server's RSA public key with ServerRSAPublicKeyFile, or set AllowPublicKeyRetrieval=True.DbType="MySql";ConfigId="0".
      English Message : Connection open error . Authentication method 'caching_sha2_password' failed. Either use a secure connection, specify the server's RSA public key with ServerRSAPublicKeyFile, or set AllowPublicKeyRetrieval=True.DbType="MySql";ConfigId="0"
         at SqlSugar.Check.Exception(Boolean isException, String message, String[] args)
         at SqlSugar.AdoProvider.CheckConnection()
         at SqlSugar.MySqlProvider.GetCommand(String sql, SugarParameter[] parameters)
         at SqlSugar.AdoProvider.GetDataReader(String sql, SugarParameter[] parameters)
         at SqlSugar.QueryableProvider`1.GetData[TResult](KeyValuePair`2 sqlObj)
         at SqlSugar.QueryableProvider`1._ToList[TResult]()
         at SqlSugar.QueryableProvider`1.ToList()
         at SqlSugar.QueryableProvider`1.First()
         at SqlSugar.QueryableProvider`1.First(Expression`1 expression)
         at Magic.Core.Service.AuthService.LoginAsync(LoginInput input) in E:\项目\GlassesManager\backed\Magic.Core\Service\Auth\AuthService.cs:line 75
         at lambda_method29(Closure, Object)
         at Microsoft.AspNetCore.Mvc.Infrastructure.ActionMethodExecutor.AwaitableObjectResultExecutor.Execute(ActionContext actionContext, IActionResultTypeMapper mapper, ObjectMethodExecutor executor, Object controller, Object[] arguments)
         at Microsoft.AspNetCore.Mvc.Infrastructure.ControllerActionInvoker.<InvokeActionMethodAsync>g__Logged|12_1(ControllerActionInvoker invoker)
         at Microsoft.AspNetCore.Mvc.Infrastructure.ControllerActionInvoker.<InvokeNextActionFilterAsync>g__Awaited|10_0(ControllerActionInvoker invoker, Task lastTask, State next, Scope scope, Object state, Boolean isCompleted)
         at Microsoft.AspNetCore.Mvc.Infrastructure.ControllerActionInvoker.Rethrow(ActionExecutedContextSealed context)
         at Microsoft.AspNetCore.Mvc.Infrastructure.ControllerActionInvoker.Next(State& next, Scope& scope, Object& state, Boolean& isCompleted)
         at Microsoft.AspNetCore.Mvc.Infrastructure.ControllerActionInvoker.InvokeInnerFilterAsync()
      --- End of stack trace from previous location ---
         at Microsoft.AspNetCore.Mvc.Infrastructure.ResourceInvoker.<InvokeNextExceptionFilterAsync>g__Awaited|26_0(ResourceInvoker invoker, Task lastTask, State next, Scope scope, Object state, Boolean isCompleted)
      ++++++++++++++++++++++++++++++++++++++++++++++++++++++++
fail: 2023-01-29 23:03:51.4820097 +08:00 星期日 L System.Logging.EventBusService[0] #27
      Error occurred executing Create:OpLog.      
      ++++++++++++++++++++++++++++++++++++++++++++++++++++++++
      SqlSugar.SqlSugarException: Authentication method 'caching_sha2_password' failed. Either use a secure connection, specify the server's RSA public key with ServerRSAPublicKeyFile, or set AllowPublicKeyRetrieval=True.
         at SqlSugar.MySqlProvider.ExecuteCommandAsync(String sql, SugarParameter[] parameters)
         at SqlSugar.MySqlProvider.ExecuteCommandAsync(String sql, SugarParameter[] parameters)
         at SqlSugar.InsertableProvider`1.ExecuteCommandAsync()
         at Magic.Core.LogEventSubscriber.CreateOpLog(EventHandlerExecutingContext context) in E:\项目\GlassesManager\backed\Magic.Core\EventSubscriber\LogEventSubscriber.cs:line 24
         at Furion.EventBus.EventBusHostedService.<>c__DisplayClass32_2.<<BackgroundProcessing>b__5>d.MoveNext()
      --- End of stack trace from previous location ---
         at Furion.FriendlyException.Retry.InvokeAsync(Func`1 action, Int32 numRetries, Int32 retryTimeout, Boolean finalThrow, Type[] exceptionTypes, Func`2 fallbackPolicy, Action`2 retryAction)
         at Furion.EventBus.EventBusHostedService.<>c__DisplayClass32_1.<<BackgroundProcessing>b__4>d.MoveNext()
      ++++++++++++++++++++++++++++++++++++++++++++++++++++++++
fail: 2023-01-29 23:03:51.4820102 +08:00 星期日 L System.Logging.EventBusService[0] #19
      Error occurred executing Create:ExLog.      
      ++++++++++++++++++++++++++++++++++++++++++++++++++++++++
      SqlSugar.SqlSugarException: Authentication method 'caching_sha2_password' failed. Either use a secure connection, specify the server's RSA public key with ServerRSAPublicKeyFile, or set AllowPublicKeyRetrieval=True.
         at SqlSugar.MySqlProvider.ExecuteCommandAsync(String sql, SugarParameter[] parameters)
         at SqlSugar.MySqlProvider.ExecuteCommandAsync(String sql, SugarParameter[] parameters)
         at SqlSugar.InsertableProvider`1.ExecuteCommandAsync()
         at Magic.Core.LogEventSubscriber.CreateExLog(EventHandlerExecutingContext context) in E:\项目\GlassesManager\backed\Magic.Core\EventSubscriber\LogEventSubscriber.cs:line 33
         at Furion.EventBus.EventBusHostedService.<>c__DisplayClass32_2.<<BackgroundProcessing>b__5>d.MoveNext()
      --- End of stack trace from previous location ---
         at Furion.FriendlyException.Retry.InvokeAsync(Func`1 action, Int32 numRetries, Int32 retryTimeout, Boolean finalThrow, Type[] exceptionTypes, Func`2 fallbackPolicy, Action`2 retryAction)
         at Furion.EventBus.EventBusHostedService.<>c__DisplayClass32_1.<<BackgroundProcessing>b__4>d.MoveNext()
      ++++++++++++++++++++++++++++++++++++++++++++++++++++++++
fail: 2023-01-29 23:04:48.9168271 +08:00 星期日 L System.Logging.FriendlyException[0] #18
      中文提示 :  连接数据库过程中发生错误，检查服务器是否正常连接字符串是否正确，错误信息：Authentication method 'caching_sha2_password' failed. Either use a secure connection, specify the server's RSA public key with ServerRSAPublicKeyFile, or set AllowPublicKeyRetrieval=True.DbType="MySql";ConfigId="0".
      English Message : Connection open error . Authentication method 'caching_sha2_password' failed. Either use a secure connection, specify the server's RSA public key with ServerRSAPublicKeyFile, or set AllowPublicKeyRetrieval=True.DbType="MySql";ConfigId="0"      
      ++++++++++++++++++++++++++++++++++++++++++++++++++++++++
      SqlSugar.SqlSugarException: 中文提示 :  连接数据库过程中发生错误，检查服务器是否正常连接字符串是否正确，错误信息：Authentication method 'caching_sha2_password' failed. Either use a secure connection, specify the server's RSA public key with ServerRSAPublicKeyFile, or set AllowPublicKeyRetrieval=True.DbType="MySql";ConfigId="0".
      English Message : Connection open error . Authentication method 'caching_sha2_password' failed. Either use a secure connection, specify the server's RSA public key with ServerRSAPublicKeyFile, or set AllowPublicKeyRetrieval=True.DbType="MySql";ConfigId="0"
         at SqlSugar.Check.Exception(Boolean isException, String message, String[] args)
         at SqlSugar.AdoProvider.CheckConnection()
         at SqlSugar.MySqlProvider.GetCommand(String sql, SugarParameter[] parameters)
         at SqlSugar.AdoProvider.GetDataReader(String sql, SugarParameter[] parameters)
         at SqlSugar.QueryableProvider`1.GetData[TResult](KeyValuePair`2 sqlObj)
         at SqlSugar.QueryableProvider`1._ToList[TResult]()
         at SqlSugar.QueryableProvider`1.ToList()
         at SqlSugar.QueryableProvider`1.First()
         at SqlSugar.QueryableProvider`1.First(Expression`1 expression)
         at Magic.Core.Service.AuthService.LoginAsync(LoginInput input) in E:\项目\GlassesManager\backed\Magic.Core\Service\Auth\AuthService.cs:line 75
         at lambda_method29(Closure, Object)
         at Microsoft.AspNetCore.Mvc.Infrastructure.ActionMethodExecutor.AwaitableObjectResultExecutor.Execute(ActionContext actionContext, IActionResultTypeMapper mapper, ObjectMethodExecutor executor, Object controller, Object[] arguments)
         at Microsoft.AspNetCore.Mvc.Infrastructure.ControllerActionInvoker.<InvokeActionMethodAsync>g__Logged|12_1(ControllerActionInvoker invoker)
         at Microsoft.AspNetCore.Mvc.Infrastructure.ControllerActionInvoker.<InvokeNextActionFilterAsync>g__Awaited|10_0(ControllerActionInvoker invoker, Task lastTask, State next, Scope scope, Object state, Boolean isCompleted)
         at Microsoft.AspNetCore.Mvc.Infrastructure.ControllerActionInvoker.Rethrow(ActionExecutedContextSealed context)
         at Microsoft.AspNetCore.Mvc.Infrastructure.ControllerActionInvoker.Next(State& next, Scope& scope, Object& state, Boolean& isCompleted)
         at Microsoft.AspNetCore.Mvc.Infrastructure.ControllerActionInvoker.InvokeInnerFilterAsync()
      --- End of stack trace from previous location ---
         at Microsoft.AspNetCore.Mvc.Infrastructure.ResourceInvoker.<InvokeNextExceptionFilterAsync>g__Awaited|26_0(ResourceInvoker invoker, Task lastTask, State next, Scope scope, Object state, Boolean isCompleted)
      ++++++++++++++++++++++++++++++++++++++++++++++++++++++++
fail: 2023-01-29 23:04:48.9800112 +08:00 星期日 L System.Logging.EventBusService[0] #27
      Error occurred executing Create:OpLog.      
      ++++++++++++++++++++++++++++++++++++++++++++++++++++++++
      SqlSugar.SqlSugarException: Authentication method 'caching_sha2_password' failed. Either use a secure connection, specify the server's RSA public key with ServerRSAPublicKeyFile, or set AllowPublicKeyRetrieval=True.
         at SqlSugar.MySqlProvider.ExecuteCommandAsync(String sql, SugarParameter[] parameters)
         at SqlSugar.MySqlProvider.ExecuteCommandAsync(String sql, SugarParameter[] parameters)
         at SqlSugar.InsertableProvider`1.ExecuteCommandAsync()
         at Magic.Core.LogEventSubscriber.CreateOpLog(EventHandlerExecutingContext context) in E:\项目\GlassesManager\backed\Magic.Core\EventSubscriber\LogEventSubscriber.cs:line 24
         at Furion.EventBus.EventBusHostedService.<>c__DisplayClass32_2.<<BackgroundProcessing>b__5>d.MoveNext()
      --- End of stack trace from previous location ---
         at Furion.FriendlyException.Retry.InvokeAsync(Func`1 action, Int32 numRetries, Int32 retryTimeout, Boolean finalThrow, Type[] exceptionTypes, Func`2 fallbackPolicy, Action`2 retryAction)
         at Furion.EventBus.EventBusHostedService.<>c__DisplayClass32_1.<<BackgroundProcessing>b__4>d.MoveNext()
      ++++++++++++++++++++++++++++++++++++++++++++++++++++++++
fail: 2023-01-29 23:04:48.9800103 +08:00 星期日 L System.Logging.EventBusService[0] #18
      Error occurred executing Create:ExLog.      
      ++++++++++++++++++++++++++++++++++++++++++++++++++++++++
      SqlSugar.SqlSugarException: Authentication method 'caching_sha2_password' failed. Either use a secure connection, specify the server's RSA public key with ServerRSAPublicKeyFile, or set AllowPublicKeyRetrieval=True.
         at SqlSugar.MySqlProvider.ExecuteCommandAsync(String sql, SugarParameter[] parameters)
         at SqlSugar.MySqlProvider.ExecuteCommandAsync(String sql, SugarParameter[] parameters)
         at SqlSugar.InsertableProvider`1.ExecuteCommandAsync()
         at Magic.Core.LogEventSubscriber.CreateExLog(EventHandlerExecutingContext context) in E:\项目\GlassesManager\backed\Magic.Core\EventSubscriber\LogEventSubscriber.cs:line 33
         at Furion.EventBus.EventBusHostedService.<>c__DisplayClass32_2.<<BackgroundProcessing>b__5>d.MoveNext()
      --- End of stack trace from previous location ---
         at Furion.FriendlyException.Retry.InvokeAsync(Func`1 action, Int32 numRetries, Int32 retryTimeout, Boolean finalThrow, Type[] exceptionTypes, Func`2 fallbackPolicy, Action`2 retryAction)
         at Furion.EventBus.EventBusHostedService.<>c__DisplayClass32_1.<<BackgroundProcessing>b__4>d.MoveNext()
      ++++++++++++++++++++++++++++++++++++++++++++++++++++++++
fail: 2023-01-29 23:05:32.7486733 +08:00 星期日 L System.Logging.FriendlyException[0] #19
      中文提示 :  连接数据库过程中发生错误，检查服务器是否正常连接字符串是否正确，错误信息：Authentication method 'caching_sha2_password' failed. Either use a secure connection, specify the server's RSA public key with ServerRSAPublicKeyFile, or set AllowPublicKeyRetrieval=True.DbType="MySql";ConfigId="0".
      English Message : Connection open error . Authentication method 'caching_sha2_password' failed. Either use a secure connection, specify the server's RSA public key with ServerRSAPublicKeyFile, or set AllowPublicKeyRetrieval=True.DbType="MySql";ConfigId="0"      
      ++++++++++++++++++++++++++++++++++++++++++++++++++++++++
      SqlSugar.SqlSugarException: 中文提示 :  连接数据库过程中发生错误，检查服务器是否正常连接字符串是否正确，错误信息：Authentication method 'caching_sha2_password' failed. Either use a secure connection, specify the server's RSA public key with ServerRSAPublicKeyFile, or set AllowPublicKeyRetrieval=True.DbType="MySql";ConfigId="0".
      English Message : Connection open error . Authentication method 'caching_sha2_password' failed. Either use a secure connection, specify the server's RSA public key with ServerRSAPublicKeyFile, or set AllowPublicKeyRetrieval=True.DbType="MySql";ConfigId="0"
         at SqlSugar.Check.Exception(Boolean isException, String message, String[] args)
         at SqlSugar.AdoProvider.CheckConnection()
         at SqlSugar.MySqlProvider.GetCommand(String sql, SugarParameter[] parameters)
         at SqlSugar.AdoProvider.GetDataReader(String sql, SugarParameter[] parameters)
         at SqlSugar.QueryableProvider`1.GetData[TResult](KeyValuePair`2 sqlObj)
         at SqlSugar.QueryableProvider`1._ToList[TResult]()
         at SqlSugar.QueryableProvider`1.ToList()
         at SqlSugar.QueryableProvider`1.First()
         at SqlSugar.QueryableProvider`1.First(Expression`1 expression)
         at Magic.Core.Service.AuthService.LoginAsync(LoginInput input) in E:\项目\GlassesManager\backed\Magic.Core\Service\Auth\AuthService.cs:line 75
         at lambda_method29(Closure, Object)
         at Microsoft.AspNetCore.Mvc.Infrastructure.ActionMethodExecutor.AwaitableObjectResultExecutor.Execute(ActionContext actionContext, IActionResultTypeMapper mapper, ObjectMethodExecutor executor, Object controller, Object[] arguments)
         at Microsoft.AspNetCore.Mvc.Infrastructure.ControllerActionInvoker.<InvokeActionMethodAsync>g__Logged|12_1(ControllerActionInvoker invoker)
         at Microsoft.AspNetCore.Mvc.Infrastructure.ControllerActionInvoker.<InvokeNextActionFilterAsync>g__Awaited|10_0(ControllerActionInvoker invoker, Task lastTask, State next, Scope scope, Object state, Boolean isCompleted)
         at Microsoft.AspNetCore.Mvc.Infrastructure.ControllerActionInvoker.Rethrow(ActionExecutedContextSealed context)
         at Microsoft.AspNetCore.Mvc.Infrastructure.ControllerActionInvoker.Next(State& next, Scope& scope, Object& state, Boolean& isCompleted)
         at Microsoft.AspNetCore.Mvc.Infrastructure.ControllerActionInvoker.InvokeInnerFilterAsync()
      --- End of stack trace from previous location ---
         at Microsoft.AspNetCore.Mvc.Infrastructure.ResourceInvoker.<InvokeNextExceptionFilterAsync>g__Awaited|26_0(ResourceInvoker invoker, Task lastTask, State next, Scope scope, Object state, Boolean isCompleted)
      ++++++++++++++++++++++++++++++++++++++++++++++++++++++++
fail: 2023-01-29 23:05:32.8416429 +08:00 星期日 L System.Logging.EventBusService[0] #18
      Error occurred executing Create:ExLog.      
      ++++++++++++++++++++++++++++++++++++++++++++++++++++++++
      SqlSugar.SqlSugarException: Authentication method 'caching_sha2_password' failed. Either use a secure connection, specify the server's RSA public key with ServerRSAPublicKeyFile, or set AllowPublicKeyRetrieval=True.
         at SqlSugar.MySqlProvider.ExecuteCommandAsync(String sql, SugarParameter[] parameters)
         at SqlSugar.MySqlProvider.ExecuteCommandAsync(String sql, SugarParameter[] parameters)
         at SqlSugar.InsertableProvider`1.ExecuteCommandAsync()
         at Magic.Core.LogEventSubscriber.CreateExLog(EventHandlerExecutingContext context) in E:\项目\GlassesManager\backed\Magic.Core\EventSubscriber\LogEventSubscriber.cs:line 33
         at Furion.EventBus.EventBusHostedService.<>c__DisplayClass32_2.<<BackgroundProcessing>b__5>d.MoveNext()
      --- End of stack trace from previous location ---
         at Furion.FriendlyException.Retry.InvokeAsync(Func`1 action, Int32 numRetries, Int32 retryTimeout, Boolean finalThrow, Type[] exceptionTypes, Func`2 fallbackPolicy, Action`2 retryAction)
         at Furion.EventBus.EventBusHostedService.<>c__DisplayClass32_1.<<BackgroundProcessing>b__4>d.MoveNext()
      ++++++++++++++++++++++++++++++++++++++++++++++++++++++++
fail: 2023-01-29 23:05:32.8416494 +08:00 星期日 L System.Logging.EventBusService[0] #28
      Error occurred executing Create:OpLog.      
      ++++++++++++++++++++++++++++++++++++++++++++++++++++++++
      SqlSugar.SqlSugarException: Authentication method 'caching_sha2_password' failed. Either use a secure connection, specify the server's RSA public key with ServerRSAPublicKeyFile, or set AllowPublicKeyRetrieval=True.
         at SqlSugar.MySqlProvider.ExecuteCommandAsync(String sql, SugarParameter[] parameters)
         at SqlSugar.MySqlProvider.ExecuteCommandAsync(String sql, SugarParameter[] parameters)
         at SqlSugar.InsertableProvider`1.ExecuteCommandAsync()
         at Magic.Core.LogEventSubscriber.CreateOpLog(EventHandlerExecutingContext context) in E:\项目\GlassesManager\backed\Magic.Core\EventSubscriber\LogEventSubscriber.cs:line 24
         at Furion.EventBus.EventBusHostedService.<>c__DisplayClass32_2.<<BackgroundProcessing>b__5>d.MoveNext()
      --- End of stack trace from previous location ---
         at Furion.FriendlyException.Retry.InvokeAsync(Func`1 action, Int32 numRetries, Int32 retryTimeout, Boolean finalThrow, Type[] exceptionTypes, Func`2 fallbackPolicy, Action`2 retryAction)
         at Furion.EventBus.EventBusHostedService.<>c__DisplayClass32_1.<<BackgroundProcessing>b__4>d.MoveNext()
      ++++++++++++++++++++++++++++++++++++++++++++++++++++++++
fail: 2023-01-29 23:05:40.6654163 +08:00 星期日 L System.Logging.FriendlyException[0] #27
      中文提示 :  连接数据库过程中发生错误，检查服务器是否正常连接字符串是否正确，错误信息：Authentication method 'caching_sha2_password' failed. Either use a secure connection, specify the server's RSA public key with ServerRSAPublicKeyFile, or set AllowPublicKeyRetrieval=True.DbType="MySql";ConfigId="0".
      English Message : Connection open error . Authentication method 'caching_sha2_password' failed. Either use a secure connection, specify the server's RSA public key with ServerRSAPublicKeyFile, or set AllowPublicKeyRetrieval=True.DbType="MySql";ConfigId="0"      
      ++++++++++++++++++++++++++++++++++++++++++++++++++++++++
      SqlSugar.SqlSugarException: 中文提示 :  连接数据库过程中发生错误，检查服务器是否正常连接字符串是否正确，错误信息：Authentication method 'caching_sha2_password' failed. Either use a secure connection, specify the server's RSA public key with ServerRSAPublicKeyFile, or set AllowPublicKeyRetrieval=True.DbType="MySql";ConfigId="0".
      English Message : Connection open error . Authentication method 'caching_sha2_password' failed. Either use a secure connection, specify the server's RSA public key with ServerRSAPublicKeyFile, or set AllowPublicKeyRetrieval=True.DbType="MySql";ConfigId="0"
         at SqlSugar.Check.Exception(Boolean isException, String message, String[] args)
         at SqlSugar.AdoProvider.CheckConnection()
         at SqlSugar.MySqlProvider.GetCommand(String sql, SugarParameter[] parameters)
         at SqlSugar.AdoProvider.GetDataReader(String sql, SugarParameter[] parameters)
         at SqlSugar.QueryableProvider`1.GetData[TResult](KeyValuePair`2 sqlObj)
         at SqlSugar.QueryableProvider`1._ToList[TResult]()
         at SqlSugar.QueryableProvider`1.ToList()
         at SqlSugar.QueryableProvider`1.First()
         at SqlSugar.QueryableProvider`1.First(Expression`1 expression)
         at Magic.Core.Service.AuthService.LoginAsync(LoginInput input) in E:\项目\GlassesManager\backed\Magic.Core\Service\Auth\AuthService.cs:line 75
         at lambda_method29(Closure, Object)
         at Microsoft.AspNetCore.Mvc.Infrastructure.ActionMethodExecutor.AwaitableObjectResultExecutor.Execute(ActionContext actionContext, IActionResultTypeMapper mapper, ObjectMethodExecutor executor, Object controller, Object[] arguments)
         at Microsoft.AspNetCore.Mvc.Infrastructure.ControllerActionInvoker.<InvokeActionMethodAsync>g__Logged|12_1(ControllerActionInvoker invoker)
         at Microsoft.AspNetCore.Mvc.Infrastructure.ControllerActionInvoker.<InvokeNextActionFilterAsync>g__Awaited|10_0(ControllerActionInvoker invoker, Task lastTask, State next, Scope scope, Object state, Boolean isCompleted)
         at Microsoft.AspNetCore.Mvc.Infrastructure.ControllerActionInvoker.Rethrow(ActionExecutedContextSealed context)
         at Microsoft.AspNetCore.Mvc.Infrastructure.ControllerActionInvoker.Next(State& next, Scope& scope, Object& state, Boolean& isCompleted)
         at Microsoft.AspNetCore.Mvc.Infrastructure.ControllerActionInvoker.InvokeInnerFilterAsync()
      --- End of stack trace from previous location ---
         at Microsoft.AspNetCore.Mvc.Infrastructure.ResourceInvoker.<InvokeNextExceptionFilterAsync>g__Awaited|26_0(ResourceInvoker invoker, Task lastTask, State next, Scope scope, Object state, Boolean isCompleted)
      ++++++++++++++++++++++++++++++++++++++++++++++++++++++++
fail: 2023-01-29 23:05:40.7463244 +08:00 星期日 L System.Logging.EventBusService[0] #4
      Error occurred executing Create:ExLog.      
      ++++++++++++++++++++++++++++++++++++++++++++++++++++++++
      SqlSugar.SqlSugarException: Authentication method 'caching_sha2_password' failed. Either use a secure connection, specify the server's RSA public key with ServerRSAPublicKeyFile, or set AllowPublicKeyRetrieval=True.
         at SqlSugar.MySqlProvider.ExecuteCommandAsync(String sql, SugarParameter[] parameters)
         at SqlSugar.MySqlProvider.ExecuteCommandAsync(String sql, SugarParameter[] parameters)
         at SqlSugar.InsertableProvider`1.ExecuteCommandAsync()
         at Magic.Core.LogEventSubscriber.CreateExLog(EventHandlerExecutingContext context) in E:\项目\GlassesManager\backed\Magic.Core\EventSubscriber\LogEventSubscriber.cs:line 33
         at Furion.EventBus.EventBusHostedService.<>c__DisplayClass32_2.<<BackgroundProcessing>b__5>d.MoveNext()
      --- End of stack trace from previous location ---
         at Furion.FriendlyException.Retry.InvokeAsync(Func`1 action, Int32 numRetries, Int32 retryTimeout, Boolean finalThrow, Type[] exceptionTypes, Func`2 fallbackPolicy, Action`2 retryAction)
         at Furion.EventBus.EventBusHostedService.<>c__DisplayClass32_1.<<BackgroundProcessing>b__4>d.MoveNext()
      ++++++++++++++++++++++++++++++++++++++++++++++++++++++++
fail: 2023-01-29 23:05:40.7463250 +08:00 星期日 L System.Logging.EventBusService[0] #19
      Error occurred executing Create:OpLog.      
      ++++++++++++++++++++++++++++++++++++++++++++++++++++++++
      SqlSugar.SqlSugarException: Authentication method 'caching_sha2_password' failed. Either use a secure connection, specify the server's RSA public key with ServerRSAPublicKeyFile, or set AllowPublicKeyRetrieval=True.
         at SqlSugar.MySqlProvider.ExecuteCommandAsync(String sql, SugarParameter[] parameters)
         at SqlSugar.MySqlProvider.ExecuteCommandAsync(String sql, SugarParameter[] parameters)
         at SqlSugar.InsertableProvider`1.ExecuteCommandAsync()
         at Magic.Core.LogEventSubscriber.CreateOpLog(EventHandlerExecutingContext context) in E:\项目\GlassesManager\backed\Magic.Core\EventSubscriber\LogEventSubscriber.cs:line 24
         at Furion.EventBus.EventBusHostedService.<>c__DisplayClass32_2.<<BackgroundProcessing>b__5>d.MoveNext()
      --- End of stack trace from previous location ---
         at Furion.FriendlyException.Retry.InvokeAsync(Func`1 action, Int32 numRetries, Int32 retryTimeout, Boolean finalThrow, Type[] exceptionTypes, Func`2 fallbackPolicy, Action`2 retryAction)
         at Furion.EventBus.EventBusHostedService.<>c__DisplayClass32_1.<<BackgroundProcessing>b__4>d.MoveNext()
      ++++++++++++++++++++++++++++++++++++++++++++++++++++++++
fail: 2023-01-29 23:06:59.7749716 +08:00 星期日 L System.Logging.FriendlyException[0] #10
      中文提示 :  连接数据库过程中发生错误，检查服务器是否正常连接字符串是否正确，错误信息：Authentication method 'caching_sha2_password' failed. Either use a secure connection, specify the server's RSA public key with ServerRSAPublicKeyFile, or set AllowPublicKeyRetrieval=True.DbType="MySql";ConfigId="0".
      English Message : Connection open error . Authentication method 'caching_sha2_password' failed. Either use a secure connection, specify the server's RSA public key with ServerRSAPublicKeyFile, or set AllowPublicKeyRetrieval=True.DbType="MySql";ConfigId="0"      
      ++++++++++++++++++++++++++++++++++++++++++++++++++++++++
      SqlSugar.SqlSugarException: 中文提示 :  连接数据库过程中发生错误，检查服务器是否正常连接字符串是否正确，错误信息：Authentication method 'caching_sha2_password' failed. Either use a secure connection, specify the server's RSA public key with ServerRSAPublicKeyFile, or set AllowPublicKeyRetrieval=True.DbType="MySql";ConfigId="0".
      English Message : Connection open error . Authentication method 'caching_sha2_password' failed. Either use a secure connection, specify the server's RSA public key with ServerRSAPublicKeyFile, or set AllowPublicKeyRetrieval=True.DbType="MySql";ConfigId="0"
         at SqlSugar.Check.Exception(Boolean isException, String message, String[] args)
         at SqlSugar.AdoProvider.CheckConnection()
         at SqlSugar.MySqlProvider.GetCommand(String sql, SugarParameter[] parameters)
         at SqlSugar.AdoProvider.GetDataReader(String sql, SugarParameter[] parameters)
         at SqlSugar.QueryableProvider`1.GetData[TResult](KeyValuePair`2 sqlObj)
         at SqlSugar.QueryableProvider`1._ToList[TResult]()
         at SqlSugar.QueryableProvider`1.ToList()
         at SqlSugar.QueryableProvider`1.First()
         at SqlSugar.QueryableProvider`1.First(Expression`1 expression)
         at Magic.Core.Service.AuthService.LoginAsync(LoginInput input) in E:\项目\GlassesManager\backed\Magic.Core\Service\Auth\AuthService.cs:line 75
         at lambda_method29(Closure, Object)
         at Microsoft.AspNetCore.Mvc.Infrastructure.ActionMethodExecutor.AwaitableObjectResultExecutor.Execute(ActionContext actionContext, IActionResultTypeMapper mapper, ObjectMethodExecutor executor, Object controller, Object[] arguments)
         at Microsoft.AspNetCore.Mvc.Infrastructure.ControllerActionInvoker.<InvokeActionMethodAsync>g__Logged|12_1(ControllerActionInvoker invoker)
         at Microsoft.AspNetCore.Mvc.Infrastructure.ControllerActionInvoker.<InvokeNextActionFilterAsync>g__Awaited|10_0(ControllerActionInvoker invoker, Task lastTask, State next, Scope scope, Object state, Boolean isCompleted)
         at Microsoft.AspNetCore.Mvc.Infrastructure.ControllerActionInvoker.Rethrow(ActionExecutedContextSealed context)
         at Microsoft.AspNetCore.Mvc.Infrastructure.ControllerActionInvoker.Next(State& next, Scope& scope, Object& state, Boolean& isCompleted)
         at Microsoft.AspNetCore.Mvc.Infrastructure.ControllerActionInvoker.InvokeInnerFilterAsync()
      --- End of stack trace from previous location ---
         at Microsoft.AspNetCore.Mvc.Infrastructure.ResourceInvoker.<InvokeNextExceptionFilterAsync>g__Awaited|26_0(ResourceInvoker invoker, Task lastTask, State next, Scope scope, Object state, Boolean isCompleted)
      ++++++++++++++++++++++++++++++++++++++++++++++++++++++++
fail: 2023-01-29 23:06:59.8705170 +08:00 星期日 L System.Logging.EventBusService[0] #20
      Error occurred executing Create:OpLog.      
      ++++++++++++++++++++++++++++++++++++++++++++++++++++++++
      SqlSugar.SqlSugarException: Authentication method 'caching_sha2_password' failed. Either use a secure connection, specify the server's RSA public key with ServerRSAPublicKeyFile, or set AllowPublicKeyRetrieval=True.
         at SqlSugar.MySqlProvider.ExecuteCommandAsync(String sql, SugarParameter[] parameters)
         at SqlSugar.MySqlProvider.ExecuteCommandAsync(String sql, SugarParameter[] parameters)
         at SqlSugar.InsertableProvider`1.ExecuteCommandAsync()
         at Magic.Core.LogEventSubscriber.CreateOpLog(EventHandlerExecutingContext context) in E:\项目\GlassesManager\backed\Magic.Core\EventSubscriber\LogEventSubscriber.cs:line 24
         at Furion.EventBus.EventBusHostedService.<>c__DisplayClass32_2.<<BackgroundProcessing>b__5>d.MoveNext()
      --- End of stack trace from previous location ---
         at Furion.FriendlyException.Retry.InvokeAsync(Func`1 action, Int32 numRetries, Int32 retryTimeout, Boolean finalThrow, Type[] exceptionTypes, Func`2 fallbackPolicy, Action`2 retryAction)
         at Furion.EventBus.EventBusHostedService.<>c__DisplayClass32_1.<<BackgroundProcessing>b__4>d.MoveNext()
      ++++++++++++++++++++++++++++++++++++++++++++++++++++++++
fail: 2023-01-29 23:06:59.8705171 +08:00 星期日 L System.Logging.EventBusService[0] #24
      Error occurred executing Create:ExLog.      
      ++++++++++++++++++++++++++++++++++++++++++++++++++++++++
      SqlSugar.SqlSugarException: Authentication method 'caching_sha2_password' failed. Either use a secure connection, specify the server's RSA public key with ServerRSAPublicKeyFile, or set AllowPublicKeyRetrieval=True.
         at SqlSugar.MySqlProvider.ExecuteCommandAsync(String sql, SugarParameter[] parameters)
         at SqlSugar.MySqlProvider.ExecuteCommandAsync(String sql, SugarParameter[] parameters)
         at SqlSugar.InsertableProvider`1.ExecuteCommandAsync()
         at Magic.Core.LogEventSubscriber.CreateExLog(EventHandlerExecutingContext context) in E:\项目\GlassesManager\backed\Magic.Core\EventSubscriber\LogEventSubscriber.cs:line 33
         at Furion.EventBus.EventBusHostedService.<>c__DisplayClass32_2.<<BackgroundProcessing>b__5>d.MoveNext()
      --- End of stack trace from previous location ---
         at Furion.FriendlyException.Retry.InvokeAsync(Func`1 action, Int32 numRetries, Int32 retryTimeout, Boolean finalThrow, Type[] exceptionTypes, Func`2 fallbackPolicy, Action`2 retryAction)
         at Furion.EventBus.EventBusHostedService.<>c__DisplayClass32_1.<<BackgroundProcessing>b__4>d.MoveNext()
      ++++++++++++++++++++++++++++++++++++++++++++++++++++++++
fail: 2023-01-29 23:14:18.2875114 +08:00 星期日 L System.Logging.FriendlyException[0] #34
      中文提示 :  连接数据库过程中发生错误，检查服务器是否正常连接字符串是否正确，错误信息：Access denied for user 'root'@'localhost' (using password: YES)DbType="MySql";ConfigId="0".
      English Message : Connection open error . Access denied for user 'root'@'localhost' (using password: YES)DbType="MySql";ConfigId="0"      
      ++++++++++++++++++++++++++++++++++++++++++++++++++++++++
      SqlSugar.SqlSugarException: 中文提示 :  连接数据库过程中发生错误，检查服务器是否正常连接字符串是否正确，错误信息：Access denied for user 'root'@'localhost' (using password: YES)DbType="MySql";ConfigId="0".
      English Message : Connection open error . Access denied for user 'root'@'localhost' (using password: YES)DbType="MySql";ConfigId="0"
         at SqlSugar.Check.Exception(Boolean isException, String message, String[] args)
         at SqlSugar.AdoProvider.CheckConnection()
         at SqlSugar.MySqlProvider.GetCommand(String sql, SugarParameter[] parameters)
         at SqlSugar.AdoProvider.GetDataReader(String sql, SugarParameter[] parameters)
         at SqlSugar.QueryableProvider`1.GetData[TResult](KeyValuePair`2 sqlObj)
         at SqlSugar.QueryableProvider`1._ToList[TResult]()
         at SqlSugar.QueryableProvider`1.ToList()
         at SqlSugar.QueryableProvider`1.First()
         at SqlSugar.QueryableProvider`1.First(Expression`1 expression)
         at Magic.Core.Service.AuthService.LoginAsync(LoginInput input) in E:\项目\GlassesManager\backed\Magic.Core\Service\Auth\AuthService.cs:line 75
         at lambda_method29(Closure, Object)
         at Microsoft.AspNetCore.Mvc.Infrastructure.ActionMethodExecutor.AwaitableObjectResultExecutor.Execute(ActionContext actionContext, IActionResultTypeMapper mapper, ObjectMethodExecutor executor, Object controller, Object[] arguments)
         at Microsoft.AspNetCore.Mvc.Infrastructure.ControllerActionInvoker.<InvokeActionMethodAsync>g__Logged|12_1(ControllerActionInvoker invoker)
         at Microsoft.AspNetCore.Mvc.Infrastructure.ControllerActionInvoker.<InvokeNextActionFilterAsync>g__Awaited|10_0(ControllerActionInvoker invoker, Task lastTask, State next, Scope scope, Object state, Boolean isCompleted)
         at Microsoft.AspNetCore.Mvc.Infrastructure.ControllerActionInvoker.Rethrow(ActionExecutedContextSealed context)
         at Microsoft.AspNetCore.Mvc.Infrastructure.ControllerActionInvoker.Next(State& next, Scope& scope, Object& state, Boolean& isCompleted)
         at Microsoft.AspNetCore.Mvc.Infrastructure.ControllerActionInvoker.InvokeInnerFilterAsync()
      --- End of stack trace from previous location ---
         at Microsoft.AspNetCore.Mvc.Infrastructure.ResourceInvoker.<InvokeNextExceptionFilterAsync>g__Awaited|26_0(ResourceInvoker invoker, Task lastTask, State next, Scope scope, Object state, Boolean isCompleted)
      ++++++++++++++++++++++++++++++++++++++++++++++++++++++++
fail: 2023-01-29 23:14:18.3518512 +08:00 星期日 L System.Logging.EventBusService[0] #34
      Error occurred executing Create:OpLog.      
      ++++++++++++++++++++++++++++++++++++++++++++++++++++++++
      SqlSugar.SqlSugarException: Access denied for user 'root'@'localhost' (using password: YES)
         at SqlSugar.MySqlProvider.ExecuteCommandAsync(String sql, SugarParameter[] parameters)
         at SqlSugar.MySqlProvider.ExecuteCommandAsync(String sql, SugarParameter[] parameters)
         at SqlSugar.InsertableProvider`1.ExecuteCommandAsync()
         at Magic.Core.LogEventSubscriber.CreateOpLog(EventHandlerExecutingContext context) in E:\项目\GlassesManager\backed\Magic.Core\EventSubscriber\LogEventSubscriber.cs:line 24
         at Furion.EventBus.EventBusHostedService.<>c__DisplayClass32_2.<<BackgroundProcessing>b__5>d.MoveNext()
      --- End of stack trace from previous location ---
         at Furion.FriendlyException.Retry.InvokeAsync(Func`1 action, Int32 numRetries, Int32 retryTimeout, Boolean finalThrow, Type[] exceptionTypes, Func`2 fallbackPolicy, Action`2 retryAction)
         at Furion.EventBus.EventBusHostedService.<>c__DisplayClass32_1.<<BackgroundProcessing>b__4>d.MoveNext()
      ++++++++++++++++++++++++++++++++++++++++++++++++++++++++
fail: 2023-01-29 23:14:18.3518515 +08:00 星期日 L System.Logging.EventBusService[0] #24
      Error occurred executing Create:ExLog.      
      ++++++++++++++++++++++++++++++++++++++++++++++++++++++++
      SqlSugar.SqlSugarException: Access denied for user 'root'@'localhost' (using password: YES)
         at SqlSugar.MySqlProvider.ExecuteCommandAsync(String sql, SugarParameter[] parameters)
         at SqlSugar.MySqlProvider.ExecuteCommandAsync(String sql, SugarParameter[] parameters)
         at SqlSugar.InsertableProvider`1.ExecuteCommandAsync()
         at Magic.Core.LogEventSubscriber.CreateExLog(EventHandlerExecutingContext context) in E:\项目\GlassesManager\backed\Magic.Core\EventSubscriber\LogEventSubscriber.cs:line 33
         at Furion.EventBus.EventBusHostedService.<>c__DisplayClass32_2.<<BackgroundProcessing>b__5>d.MoveNext()
      --- End of stack trace from previous location ---
         at Furion.FriendlyException.Retry.InvokeAsync(Func`1 action, Int32 numRetries, Int32 retryTimeout, Boolean finalThrow, Type[] exceptionTypes, Func`2 fallbackPolicy, Action`2 retryAction)
         at Furion.EventBus.EventBusHostedService.<>c__DisplayClass32_1.<<BackgroundProcessing>b__4>d.MoveNext()
      ++++++++++++++++++++++++++++++++++++++++++++++++++++++++
fail: 2023-01-29 23:15:47.9365266 +08:00 星期日 L System.Logging.FriendlyException[0] #34
      中文提示 :  连接数据库过程中发生错误，检查服务器是否正常连接字符串是否正确，错误信息：Access denied for user 'root'@'localhost' (using password: YES)DbType="MySql";ConfigId="0".
      English Message : Connection open error . Access denied for user 'root'@'localhost' (using password: YES)DbType="MySql";ConfigId="0"      
      ++++++++++++++++++++++++++++++++++++++++++++++++++++++++
      SqlSugar.SqlSugarException: 中文提示 :  连接数据库过程中发生错误，检查服务器是否正常连接字符串是否正确，错误信息：Access denied for user 'root'@'localhost' (using password: YES)DbType="MySql";ConfigId="0".
      English Message : Connection open error . Access denied for user 'root'@'localhost' (using password: YES)DbType="MySql";ConfigId="0"
         at SqlSugar.Check.Exception(Boolean isException, String message, String[] args)
         at SqlSugar.AdoProvider.CheckConnection()
         at SqlSugar.MySqlProvider.GetCommand(String sql, SugarParameter[] parameters)
         at SqlSugar.AdoProvider.GetDataReader(String sql, SugarParameter[] parameters)
         at SqlSugar.QueryableProvider`1.GetData[TResult](KeyValuePair`2 sqlObj)
         at SqlSugar.QueryableProvider`1._ToList[TResult]()
         at SqlSugar.QueryableProvider`1.ToList()
         at SqlSugar.QueryableProvider`1.First()
         at SqlSugar.QueryableProvider`1.First(Expression`1 expression)
         at Magic.Core.Service.AuthService.LoginAsync(LoginInput input) in E:\项目\GlassesManager\backed\Magic.Core\Service\Auth\AuthService.cs:line 75
         at lambda_method29(Closure, Object)
         at Microsoft.AspNetCore.Mvc.Infrastructure.ActionMethodExecutor.AwaitableObjectResultExecutor.Execute(ActionContext actionContext, IActionResultTypeMapper mapper, ObjectMethodExecutor executor, Object controller, Object[] arguments)
         at Microsoft.AspNetCore.Mvc.Infrastructure.ControllerActionInvoker.<InvokeActionMethodAsync>g__Logged|12_1(ControllerActionInvoker invoker)
         at Microsoft.AspNetCore.Mvc.Infrastructure.ControllerActionInvoker.<InvokeNextActionFilterAsync>g__Awaited|10_0(ControllerActionInvoker invoker, Task lastTask, State next, Scope scope, Object state, Boolean isCompleted)
         at Microsoft.AspNetCore.Mvc.Infrastructure.ControllerActionInvoker.Rethrow(ActionExecutedContextSealed context)
         at Microsoft.AspNetCore.Mvc.Infrastructure.ControllerActionInvoker.Next(State& next, Scope& scope, Object& state, Boolean& isCompleted)
         at Microsoft.AspNetCore.Mvc.Infrastructure.ControllerActionInvoker.InvokeInnerFilterAsync()
      --- End of stack trace from previous location ---
         at Microsoft.AspNetCore.Mvc.Infrastructure.ResourceInvoker.<InvokeNextExceptionFilterAsync>g__Awaited|26_0(ResourceInvoker invoker, Task lastTask, State next, Scope scope, Object state, Boolean isCompleted)
      ++++++++++++++++++++++++++++++++++++++++++++++++++++++++
fail: 2023-01-29 23:15:47.9968546 +08:00 星期日 L System.Logging.EventBusService[0] #34
      Error occurred executing Create:OpLog.      
      ++++++++++++++++++++++++++++++++++++++++++++++++++++++++
      SqlSugar.SqlSugarException: Access denied for user 'root'@'localhost' (using password: YES)
         at SqlSugar.MySqlProvider.ExecuteCommandAsync(String sql, SugarParameter[] parameters)
         at SqlSugar.MySqlProvider.ExecuteCommandAsync(String sql, SugarParameter[] parameters)
         at SqlSugar.InsertableProvider`1.ExecuteCommandAsync()
         at Magic.Core.LogEventSubscriber.CreateOpLog(EventHandlerExecutingContext context) in E:\项目\GlassesManager\backed\Magic.Core\EventSubscriber\LogEventSubscriber.cs:line 24
         at Furion.EventBus.EventBusHostedService.<>c__DisplayClass32_2.<<BackgroundProcessing>b__5>d.MoveNext()
      --- End of stack trace from previous location ---
         at Furion.FriendlyException.Retry.InvokeAsync(Func`1 action, Int32 numRetries, Int32 retryTimeout, Boolean finalThrow, Type[] exceptionTypes, Func`2 fallbackPolicy, Action`2 retryAction)
         at Furion.EventBus.EventBusHostedService.<>c__DisplayClass32_1.<<BackgroundProcessing>b__4>d.MoveNext()
      ++++++++++++++++++++++++++++++++++++++++++++++++++++++++
fail: 2023-01-29 23:15:47.9968554 +08:00 星期日 L System.Logging.EventBusService[0] #19
      Error occurred executing Create:ExLog.      
      ++++++++++++++++++++++++++++++++++++++++++++++++++++++++
      SqlSugar.SqlSugarException: Access denied for user 'root'@'localhost' (using password: YES)
         at SqlSugar.MySqlProvider.ExecuteCommandAsync(String sql, SugarParameter[] parameters)
         at SqlSugar.MySqlProvider.ExecuteCommandAsync(String sql, SugarParameter[] parameters)
         at SqlSugar.InsertableProvider`1.ExecuteCommandAsync()
         at Magic.Core.LogEventSubscriber.CreateExLog(EventHandlerExecutingContext context) in E:\项目\GlassesManager\backed\Magic.Core\EventSubscriber\LogEventSubscriber.cs:line 33
         at Furion.EventBus.EventBusHostedService.<>c__DisplayClass32_2.<<BackgroundProcessing>b__5>d.MoveNext()
      --- End of stack trace from previous location ---
         at Furion.FriendlyException.Retry.InvokeAsync(Func`1 action, Int32 numRetries, Int32 retryTimeout, Boolean finalThrow, Type[] exceptionTypes, Func`2 fallbackPolicy, Action`2 retryAction)
         at Furion.EventBus.EventBusHostedService.<>c__DisplayClass32_1.<<BackgroundProcessing>b__4>d.MoveNext()
      ++++++++++++++++++++++++++++++++++++++++++++++++++++++++
fail: 2023-01-29 23:16:19.7746640 +08:00 星期日 L System.Logging.FriendlyException[0] #19
      中文提示 :  连接数据库过程中发生错误，检查服务器是否正常连接字符串是否正确，错误信息：Access denied for user 'root'@'localhost' (using password: YES)DbType="MySql";ConfigId="0".
      English Message : Connection open error . Access denied for user 'root'@'localhost' (using password: YES)DbType="MySql";ConfigId="0"      
      ++++++++++++++++++++++++++++++++++++++++++++++++++++++++
      SqlSugar.SqlSugarException: 中文提示 :  连接数据库过程中发生错误，检查服务器是否正常连接字符串是否正确，错误信息：Access denied for user 'root'@'localhost' (using password: YES)DbType="MySql";ConfigId="0".
      English Message : Connection open error . Access denied for user 'root'@'localhost' (using password: YES)DbType="MySql";ConfigId="0"
         at SqlSugar.Check.Exception(Boolean isException, String message, String[] args)
         at SqlSugar.AdoProvider.CheckConnection()
         at SqlSugar.MySqlProvider.GetCommand(String sql, SugarParameter[] parameters)
         at SqlSugar.AdoProvider.GetDataReader(String sql, SugarParameter[] parameters)
         at SqlSugar.QueryableProvider`1.GetData[TResult](KeyValuePair`2 sqlObj)
         at SqlSugar.QueryableProvider`1._ToList[TResult]()
         at SqlSugar.QueryableProvider`1.ToList()
         at SqlSugar.QueryableProvider`1.First()
         at SqlSugar.QueryableProvider`1.First(Expression`1 expression)
         at Magic.Core.Service.AuthService.LoginAsync(LoginInput input) in E:\项目\GlassesManager\backed\Magic.Core\Service\Auth\AuthService.cs:line 75
         at lambda_method29(Closure, Object)
         at Microsoft.AspNetCore.Mvc.Infrastructure.ActionMethodExecutor.AwaitableObjectResultExecutor.Execute(ActionContext actionContext, IActionResultTypeMapper mapper, ObjectMethodExecutor executor, Object controller, Object[] arguments)
         at Microsoft.AspNetCore.Mvc.Infrastructure.ControllerActionInvoker.<InvokeActionMethodAsync>g__Logged|12_1(ControllerActionInvoker invoker)
         at Microsoft.AspNetCore.Mvc.Infrastructure.ControllerActionInvoker.<InvokeNextActionFilterAsync>g__Awaited|10_0(ControllerActionInvoker invoker, Task lastTask, State next, Scope scope, Object state, Boolean isCompleted)
         at Microsoft.AspNetCore.Mvc.Infrastructure.ControllerActionInvoker.Rethrow(ActionExecutedContextSealed context)
         at Microsoft.AspNetCore.Mvc.Infrastructure.ControllerActionInvoker.Next(State& next, Scope& scope, Object& state, Boolean& isCompleted)
         at Microsoft.AspNetCore.Mvc.Infrastructure.ControllerActionInvoker.InvokeInnerFilterAsync()
      --- End of stack trace from previous location ---
         at Microsoft.AspNetCore.Mvc.Infrastructure.ResourceInvoker.<InvokeNextExceptionFilterAsync>g__Awaited|26_0(ResourceInvoker invoker, Task lastTask, State next, Scope scope, Object state, Boolean isCompleted)
      ++++++++++++++++++++++++++++++++++++++++++++++++++++++++
fail: 2023-01-29 23:16:19.8948505 +08:00 星期日 L System.Logging.EventBusService[0] #20
      Error occurred executing Create:OpLog.      
      ++++++++++++++++++++++++++++++++++++++++++++++++++++++++
      SqlSugar.SqlSugarException: Access denied for user 'root'@'localhost' (using password: YES)
         at SqlSugar.MySqlProvider.ExecuteCommandAsync(String sql, SugarParameter[] parameters)
         at SqlSugar.MySqlProvider.ExecuteCommandAsync(String sql, SugarParameter[] parameters)
         at SqlSugar.InsertableProvider`1.ExecuteCommandAsync()
         at Magic.Core.LogEventSubscriber.CreateOpLog(EventHandlerExecutingContext context) in E:\项目\GlassesManager\backed\Magic.Core\EventSubscriber\LogEventSubscriber.cs:line 24
         at Furion.EventBus.EventBusHostedService.<>c__DisplayClass32_2.<<BackgroundProcessing>b__5>d.MoveNext()
      --- End of stack trace from previous location ---
         at Furion.FriendlyException.Retry.InvokeAsync(Func`1 action, Int32 numRetries, Int32 retryTimeout, Boolean finalThrow, Type[] exceptionTypes, Func`2 fallbackPolicy, Action`2 retryAction)
         at Furion.EventBus.EventBusHostedService.<>c__DisplayClass32_1.<<BackgroundProcessing>b__4>d.MoveNext()
      ++++++++++++++++++++++++++++++++++++++++++++++++++++++++
fail: 2023-01-29 23:16:19.8951972 +08:00 星期日 L System.Logging.EventBusService[0] #24
      Error occurred executing Create:ExLog.      
      ++++++++++++++++++++++++++++++++++++++++++++++++++++++++
      SqlSugar.SqlSugarException: Access denied for user 'root'@'localhost' (using password: YES)
         at SqlSugar.MySqlProvider.ExecuteCommandAsync(String sql, SugarParameter[] parameters)
         at SqlSugar.MySqlProvider.ExecuteCommandAsync(String sql, SugarParameter[] parameters)
         at SqlSugar.InsertableProvider`1.ExecuteCommandAsync()
         at Magic.Core.LogEventSubscriber.CreateExLog(EventHandlerExecutingContext context) in E:\项目\GlassesManager\backed\Magic.Core\EventSubscriber\LogEventSubscriber.cs:line 33
         at Furion.EventBus.EventBusHostedService.<>c__DisplayClass32_2.<<BackgroundProcessing>b__5>d.MoveNext()
      --- End of stack trace from previous location ---
         at Furion.FriendlyException.Retry.InvokeAsync(Func`1 action, Int32 numRetries, Int32 retryTimeout, Boolean finalThrow, Type[] exceptionTypes, Func`2 fallbackPolicy, Action`2 retryAction)
         at Furion.EventBus.EventBusHostedService.<>c__DisplayClass32_1.<<BackgroundProcessing>b__4>d.MoveNext()
      ++++++++++++++++++++++++++++++++++++++++++++++++++++++++
fail: 2023-01-29 23:49:48.2717333 +08:00 星期日 L System.Logging.FriendlyException[0] #17
      中文提示 :  连接数据库过程中发生错误，检查服务器是否正常连接字符串是否正确，错误信息：Authentication method 'caching_sha2_password' failed. Either use a secure connection, specify the server's RSA public key with ServerRSAPublicKeyFile, or set AllowPublicKeyRetrieval=True.DbType="MySql";ConfigId="0".
      English Message : Connection open error . Authentication method 'caching_sha2_password' failed. Either use a secure connection, specify the server's RSA public key with ServerRSAPublicKeyFile, or set AllowPublicKeyRetrieval=True.DbType="MySql";ConfigId="0"      
      ++++++++++++++++++++++++++++++++++++++++++++++++++++++++
      SqlSugar.SqlSugarException: 中文提示 :  连接数据库过程中发生错误，检查服务器是否正常连接字符串是否正确，错误信息：Authentication method 'caching_sha2_password' failed. Either use a secure connection, specify the server's RSA public key with ServerRSAPublicKeyFile, or set AllowPublicKeyRetrieval=True.DbType="MySql";ConfigId="0".
      English Message : Connection open error . Authentication method 'caching_sha2_password' failed. Either use a secure connection, specify the server's RSA public key with ServerRSAPublicKeyFile, or set AllowPublicKeyRetrieval=True.DbType="MySql";ConfigId="0"
         at SqlSugar.Check.Exception(Boolean isException, String message, String[] args)
         at SqlSugar.AdoProvider.CheckConnection()
         at SqlSugar.MySqlProvider.GetCommand(String sql, SugarParameter[] parameters)
         at SqlSugar.AdoProvider.GetDataReader(String sql, SugarParameter[] parameters)
         at SqlSugar.QueryableProvider`1.GetData[TResult](KeyValuePair`2 sqlObj)
         at SqlSugar.QueryableProvider`1._ToList[TResult]()
         at SqlSugar.QueryableProvider`1.ToList()
         at SqlSugar.QueryableProvider`1.First()
         at SqlSugar.QueryableProvider`1.First(Expression`1 expression)
         at Magic.Core.Service.AuthService.LoginAsync(LoginInput input) in E:\项目\GlassesManager\backed\Magic.Core\Service\Auth\AuthService.cs:line 75
         at lambda_method29(Closure, Object)
         at Microsoft.AspNetCore.Mvc.Infrastructure.ActionMethodExecutor.AwaitableObjectResultExecutor.Execute(ActionContext actionContext, IActionResultTypeMapper mapper, ObjectMethodExecutor executor, Object controller, Object[] arguments)
         at Microsoft.AspNetCore.Mvc.Infrastructure.ControllerActionInvoker.<InvokeActionMethodAsync>g__Logged|12_1(ControllerActionInvoker invoker)
         at Microsoft.AspNetCore.Mvc.Infrastructure.ControllerActionInvoker.<InvokeNextActionFilterAsync>g__Awaited|10_0(ControllerActionInvoker invoker, Task lastTask, State next, Scope scope, Object state, Boolean isCompleted)
         at Microsoft.AspNetCore.Mvc.Infrastructure.ControllerActionInvoker.Rethrow(ActionExecutedContextSealed context)
         at Microsoft.AspNetCore.Mvc.Infrastructure.ControllerActionInvoker.Next(State& next, Scope& scope, Object& state, Boolean& isCompleted)
         at Microsoft.AspNetCore.Mvc.Infrastructure.ControllerActionInvoker.InvokeInnerFilterAsync()
      --- End of stack trace from previous location ---
         at Microsoft.AspNetCore.Mvc.Infrastructure.ResourceInvoker.<InvokeNextExceptionFilterAsync>g__Awaited|26_0(ResourceInvoker invoker, Task lastTask, State next, Scope scope, Object state, Boolean isCompleted)
      ++++++++++++++++++++++++++++++++++++++++++++++++++++++++
fail: 2023-01-29 23:49:48.3813614 +08:00 星期日 L System.Logging.EventBusService[0] #17
      Error occurred executing Create:OpLog.      
      ++++++++++++++++++++++++++++++++++++++++++++++++++++++++
      SqlSugar.SqlSugarException: Authentication method 'caching_sha2_password' failed. Either use a secure connection, specify the server's RSA public key with ServerRSAPublicKeyFile, or set AllowPublicKeyRetrieval=True.
         at SqlSugar.MySqlProvider.ExecuteCommandAsync(String sql, SugarParameter[] parameters)
         at SqlSugar.MySqlProvider.ExecuteCommandAsync(String sql, SugarParameter[] parameters)
         at SqlSugar.InsertableProvider`1.ExecuteCommandAsync()
         at Magic.Core.LogEventSubscriber.CreateOpLog(EventHandlerExecutingContext context) in E:\项目\GlassesManager\backed\Magic.Core\EventSubscriber\LogEventSubscriber.cs:line 24
         at Furion.EventBus.EventBusHostedService.<>c__DisplayClass32_2.<<BackgroundProcessing>b__5>d.MoveNext()
      --- End of stack trace from previous location ---
         at Furion.FriendlyException.Retry.InvokeAsync(Func`1 action, Int32 numRetries, Int32 retryTimeout, Boolean finalThrow, Type[] exceptionTypes, Func`2 fallbackPolicy, Action`2 retryAction)
         at Furion.EventBus.EventBusHostedService.<>c__DisplayClass32_1.<<BackgroundProcessing>b__4>d.MoveNext()
      ++++++++++++++++++++++++++++++++++++++++++++++++++++++++
fail: 2023-01-29 23:49:48.3813602 +08:00 星期日 L System.Logging.EventBusService[0] #27
      Error occurred executing Create:ExLog.      
      ++++++++++++++++++++++++++++++++++++++++++++++++++++++++
      SqlSugar.SqlSugarException: Authentication method 'caching_sha2_password' failed. Either use a secure connection, specify the server's RSA public key with ServerRSAPublicKeyFile, or set AllowPublicKeyRetrieval=True.
         at SqlSugar.MySqlProvider.ExecuteCommandAsync(String sql, SugarParameter[] parameters)
         at SqlSugar.MySqlProvider.ExecuteCommandAsync(String sql, SugarParameter[] parameters)
         at SqlSugar.InsertableProvider`1.ExecuteCommandAsync()
         at Magic.Core.LogEventSubscriber.CreateExLog(EventHandlerExecutingContext context) in E:\项目\GlassesManager\backed\Magic.Core\EventSubscriber\LogEventSubscriber.cs:line 33
         at Furion.EventBus.EventBusHostedService.<>c__DisplayClass32_2.<<BackgroundProcessing>b__5>d.MoveNext()
      --- End of stack trace from previous location ---
         at Furion.FriendlyException.Retry.InvokeAsync(Func`1 action, Int32 numRetries, Int32 retryTimeout, Boolean finalThrow, Type[] exceptionTypes, Func`2 fallbackPolicy, Action`2 retryAction)
         at Furion.EventBus.EventBusHostedService.<>c__DisplayClass32_1.<<BackgroundProcessing>b__4>d.MoveNext()
      ++++++++++++++++++++++++++++++++++++++++++++++++++++++++
fail: 2023-01-29 23:51:21.9014190 +08:00 星期日 L System.Logging.FriendlyException[0] #19
      中文提示 :  连接数据库过程中发生错误，检查服务器是否正常连接字符串是否正确，错误信息：Authentication method 'caching_sha2_password' failed. Either use a secure connection, specify the server's RSA public key with ServerRSAPublicKeyFile, or set AllowPublicKeyRetrieval=True.DbType="MySql";ConfigId="0".
      English Message : Connection open error . Authentication method 'caching_sha2_password' failed. Either use a secure connection, specify the server's RSA public key with ServerRSAPublicKeyFile, or set AllowPublicKeyRetrieval=True.DbType="MySql";ConfigId="0"      
      ++++++++++++++++++++++++++++++++++++++++++++++++++++++++
      SqlSugar.SqlSugarException: 中文提示 :  连接数据库过程中发生错误，检查服务器是否正常连接字符串是否正确，错误信息：Authentication method 'caching_sha2_password' failed. Either use a secure connection, specify the server's RSA public key with ServerRSAPublicKeyFile, or set AllowPublicKeyRetrieval=True.DbType="MySql";ConfigId="0".
      English Message : Connection open error . Authentication method 'caching_sha2_password' failed. Either use a secure connection, specify the server's RSA public key with ServerRSAPublicKeyFile, or set AllowPublicKeyRetrieval=True.DbType="MySql";ConfigId="0"
         at SqlSugar.Check.Exception(Boolean isException, String message, String[] args)
         at SqlSugar.AdoProvider.CheckConnection()
         at SqlSugar.MySqlProvider.GetCommand(String sql, SugarParameter[] parameters)
         at SqlSugar.AdoProvider.GetDataReader(String sql, SugarParameter[] parameters)
         at SqlSugar.QueryableProvider`1.GetData[TResult](KeyValuePair`2 sqlObj)
         at SqlSugar.QueryableProvider`1._ToList[TResult]()
         at SqlSugar.QueryableProvider`1.ToList()
         at SqlSugar.QueryableProvider`1.First()
         at SqlSugar.QueryableProvider`1.First(Expression`1 expression)
         at Magic.Core.Service.AuthService.LoginAsync(LoginInput input) in E:\项目\GlassesManager\backed\Magic.Core\Service\Auth\AuthService.cs:line 75
         at lambda_method29(Closure, Object)
         at Microsoft.AspNetCore.Mvc.Infrastructure.ActionMethodExecutor.AwaitableObjectResultExecutor.Execute(ActionContext actionContext, IActionResultTypeMapper mapper, ObjectMethodExecutor executor, Object controller, Object[] arguments)
         at Microsoft.AspNetCore.Mvc.Infrastructure.ControllerActionInvoker.<InvokeActionMethodAsync>g__Logged|12_1(ControllerActionInvoker invoker)
         at Microsoft.AspNetCore.Mvc.Infrastructure.ControllerActionInvoker.<InvokeNextActionFilterAsync>g__Awaited|10_0(ControllerActionInvoker invoker, Task lastTask, State next, Scope scope, Object state, Boolean isCompleted)
         at Microsoft.AspNetCore.Mvc.Infrastructure.ControllerActionInvoker.Rethrow(ActionExecutedContextSealed context)
         at Microsoft.AspNetCore.Mvc.Infrastructure.ControllerActionInvoker.Next(State& next, Scope& scope, Object& state, Boolean& isCompleted)
         at Microsoft.AspNetCore.Mvc.Infrastructure.ControllerActionInvoker.InvokeInnerFilterAsync()
      --- End of stack trace from previous location ---
         at Microsoft.AspNetCore.Mvc.Infrastructure.ResourceInvoker.<InvokeNextExceptionFilterAsync>g__Awaited|26_0(ResourceInvoker invoker, Task lastTask, State next, Scope scope, Object state, Boolean isCompleted)
      ++++++++++++++++++++++++++++++++++++++++++++++++++++++++
fail: 2023-01-29 23:51:22.0495358 +08:00 星期日 L System.Logging.EventBusService[0] #25
      Error occurred executing Create:ExLog.      
      ++++++++++++++++++++++++++++++++++++++++++++++++++++++++
      SqlSugar.SqlSugarException: Authentication method 'caching_sha2_password' failed. Either use a secure connection, specify the server's RSA public key with ServerRSAPublicKeyFile, or set AllowPublicKeyRetrieval=True.
         at SqlSugar.MySqlProvider.ExecuteCommandAsync(String sql, SugarParameter[] parameters)
         at SqlSugar.MySqlProvider.ExecuteCommandAsync(String sql, SugarParameter[] parameters)
         at SqlSugar.InsertableProvider`1.ExecuteCommandAsync()
         at Magic.Core.LogEventSubscriber.CreateExLog(EventHandlerExecutingContext context) in E:\项目\GlassesManager\backed\Magic.Core\EventSubscriber\LogEventSubscriber.cs:line 33
         at Furion.EventBus.EventBusHostedService.<>c__DisplayClass32_2.<<BackgroundProcessing>b__5>d.MoveNext()
      --- End of stack trace from previous location ---
         at Furion.FriendlyException.Retry.InvokeAsync(Func`1 action, Int32 numRetries, Int32 retryTimeout, Boolean finalThrow, Type[] exceptionTypes, Func`2 fallbackPolicy, Action`2 retryAction)
         at Furion.EventBus.EventBusHostedService.<>c__DisplayClass32_1.<<BackgroundProcessing>b__4>d.MoveNext()
      ++++++++++++++++++++++++++++++++++++++++++++++++++++++++
fail: 2023-01-29 23:51:22.0495370 +08:00 星期日 L System.Logging.EventBusService[0] #9
      Error occurred executing Create:OpLog.      
      ++++++++++++++++++++++++++++++++++++++++++++++++++++++++
      SqlSugar.SqlSugarException: Authentication method 'caching_sha2_password' failed. Either use a secure connection, specify the server's RSA public key with ServerRSAPublicKeyFile, or set AllowPublicKeyRetrieval=True.
         at SqlSugar.MySqlProvider.ExecuteCommandAsync(String sql, SugarParameter[] parameters)
         at SqlSugar.MySqlProvider.ExecuteCommandAsync(String sql, SugarParameter[] parameters)
         at SqlSugar.InsertableProvider`1.ExecuteCommandAsync()
         at Magic.Core.LogEventSubscriber.CreateOpLog(EventHandlerExecutingContext context) in E:\项目\GlassesManager\backed\Magic.Core\EventSubscriber\LogEventSubscriber.cs:line 24
         at Furion.EventBus.EventBusHostedService.<>c__DisplayClass32_2.<<BackgroundProcessing>b__5>d.MoveNext()
      --- End of stack trace from previous location ---
         at Furion.FriendlyException.Retry.InvokeAsync(Func`1 action, Int32 numRetries, Int32 retryTimeout, Boolean finalThrow, Type[] exceptionTypes, Func`2 fallbackPolicy, Action`2 retryAction)
         at Furion.EventBus.EventBusHostedService.<>c__DisplayClass32_1.<<BackgroundProcessing>b__4>d.MoveNext()
      ++++++++++++++++++++++++++++++++++++++++++++++++++++++++
fail: 2023-01-29 23:52:02.9300991 +08:00 星期日 L System.Logging.FriendlyException[0] #21
      中文提示 :  连接数据库过程中发生错误，检查服务器是否正常连接字符串是否正确，错误信息：Authentication method 'caching_sha2_password' failed. Either use a secure connection, specify the server's RSA public key with ServerRSAPublicKeyFile, or set AllowPublicKeyRetrieval=True.DbType="MySql";ConfigId="0".
      English Message : Connection open error . Authentication method 'caching_sha2_password' failed. Either use a secure connection, specify the server's RSA public key with ServerRSAPublicKeyFile, or set AllowPublicKeyRetrieval=True.DbType="MySql";ConfigId="0"      
      ++++++++++++++++++++++++++++++++++++++++++++++++++++++++
      SqlSugar.SqlSugarException: 中文提示 :  连接数据库过程中发生错误，检查服务器是否正常连接字符串是否正确，错误信息：Authentication method 'caching_sha2_password' failed. Either use a secure connection, specify the server's RSA public key with ServerRSAPublicKeyFile, or set AllowPublicKeyRetrieval=True.DbType="MySql";ConfigId="0".
      English Message : Connection open error . Authentication method 'caching_sha2_password' failed. Either use a secure connection, specify the server's RSA public key with ServerRSAPublicKeyFile, or set AllowPublicKeyRetrieval=True.DbType="MySql";ConfigId="0"
         at SqlSugar.Check.Exception(Boolean isException, String message, String[] args)
         at SqlSugar.AdoProvider.CheckConnection()
         at SqlSugar.MySqlProvider.GetCommand(String sql, SugarParameter[] parameters)
         at SqlSugar.AdoProvider.GetDataReader(String sql, SugarParameter[] parameters)
         at SqlSugar.QueryableProvider`1.GetData[TResult](KeyValuePair`2 sqlObj)
         at SqlSugar.QueryableProvider`1._ToList[TResult]()
         at SqlSugar.QueryableProvider`1.ToList()
         at SqlSugar.QueryableProvider`1.First()
         at SqlSugar.QueryableProvider`1.First(Expression`1 expression)
         at Magic.Core.Service.AuthService.LoginAsync(LoginInput input) in E:\项目\GlassesManager\backed\Magic.Core\Service\Auth\AuthService.cs:line 75
         at lambda_method29(Closure, Object)
         at Microsoft.AspNetCore.Mvc.Infrastructure.ActionMethodExecutor.AwaitableObjectResultExecutor.Execute(ActionContext actionContext, IActionResultTypeMapper mapper, ObjectMethodExecutor executor, Object controller, Object[] arguments)
         at Microsoft.AspNetCore.Mvc.Infrastructure.ControllerActionInvoker.<InvokeActionMethodAsync>g__Logged|12_1(ControllerActionInvoker invoker)
         at Microsoft.AspNetCore.Mvc.Infrastructure.ControllerActionInvoker.<InvokeNextActionFilterAsync>g__Awaited|10_0(ControllerActionInvoker invoker, Task lastTask, State next, Scope scope, Object state, Boolean isCompleted)
         at Microsoft.AspNetCore.Mvc.Infrastructure.ControllerActionInvoker.Rethrow(ActionExecutedContextSealed context)
         at Microsoft.AspNetCore.Mvc.Infrastructure.ControllerActionInvoker.Next(State& next, Scope& scope, Object& state, Boolean& isCompleted)
         at Microsoft.AspNetCore.Mvc.Infrastructure.ControllerActionInvoker.InvokeInnerFilterAsync()
      --- End of stack trace from previous location ---
         at Microsoft.AspNetCore.Mvc.Infrastructure.ResourceInvoker.<InvokeNextExceptionFilterAsync>g__Awaited|26_0(ResourceInvoker invoker, Task lastTask, State next, Scope scope, Object state, Boolean isCompleted)
      ++++++++++++++++++++++++++++++++++++++++++++++++++++++++
fail: 2023-01-29 23:52:03.0345539 +08:00 星期日 L System.Logging.EventBusService[0] #20
      Error occurred executing Create:ExLog.      
      ++++++++++++++++++++++++++++++++++++++++++++++++++++++++
      SqlSugar.SqlSugarException: Authentication method 'caching_sha2_password' failed. Either use a secure connection, specify the server's RSA public key with ServerRSAPublicKeyFile, or set AllowPublicKeyRetrieval=True.
         at SqlSugar.MySqlProvider.ExecuteCommandAsync(String sql, SugarParameter[] parameters)
         at SqlSugar.MySqlProvider.ExecuteCommandAsync(String sql, SugarParameter[] parameters)
         at SqlSugar.InsertableProvider`1.ExecuteCommandAsync()
         at Magic.Core.LogEventSubscriber.CreateExLog(EventHandlerExecutingContext context) in E:\项目\GlassesManager\backed\Magic.Core\EventSubscriber\LogEventSubscriber.cs:line 33
         at Furion.EventBus.EventBusHostedService.<>c__DisplayClass32_2.<<BackgroundProcessing>b__5>d.MoveNext()
      --- End of stack trace from previous location ---
         at Furion.FriendlyException.Retry.InvokeAsync(Func`1 action, Int32 numRetries, Int32 retryTimeout, Boolean finalThrow, Type[] exceptionTypes, Func`2 fallbackPolicy, Action`2 retryAction)
         at Furion.EventBus.EventBusHostedService.<>c__DisplayClass32_1.<<BackgroundProcessing>b__4>d.MoveNext()
      ++++++++++++++++++++++++++++++++++++++++++++++++++++++++
fail: 2023-01-29 23:52:03.0345540 +08:00 星期日 L System.Logging.EventBusService[0] #24
      Error occurred executing Create:OpLog.      
      ++++++++++++++++++++++++++++++++++++++++++++++++++++++++
      SqlSugar.SqlSugarException: Authentication method 'caching_sha2_password' failed. Either use a secure connection, specify the server's RSA public key with ServerRSAPublicKeyFile, or set AllowPublicKeyRetrieval=True.
         at SqlSugar.MySqlProvider.ExecuteCommandAsync(String sql, SugarParameter[] parameters)
         at SqlSugar.MySqlProvider.ExecuteCommandAsync(String sql, SugarParameter[] parameters)
         at SqlSugar.InsertableProvider`1.ExecuteCommandAsync()
         at Magic.Core.LogEventSubscriber.CreateOpLog(EventHandlerExecutingContext context) in E:\项目\GlassesManager\backed\Magic.Core\EventSubscriber\LogEventSubscriber.cs:line 24
         at Furion.EventBus.EventBusHostedService.<>c__DisplayClass32_2.<<BackgroundProcessing>b__5>d.MoveNext()
      --- End of stack trace from previous location ---
         at Furion.FriendlyException.Retry.InvokeAsync(Func`1 action, Int32 numRetries, Int32 retryTimeout, Boolean finalThrow, Type[] exceptionTypes, Func`2 fallbackPolicy, Action`2 retryAction)
         at Furion.EventBus.EventBusHostedService.<>c__DisplayClass32_1.<<BackgroundProcessing>b__4>d.MoveNext()
      ++++++++++++++++++++++++++++++++++++++++++++++++++++++++
fail: 2023-01-29 23:55:56.5502378 +08:00 星期日 L System.Logging.FriendlyException[0] #20
      中文提示 :  连接数据库过程中发生错误，检查服务器是否正常连接字符串是否正确，错误信息：Access denied for user 'root'@'localhost' (using password: YES)DbType="MySql";ConfigId="0".
      English Message : Connection open error . Access denied for user 'root'@'localhost' (using password: YES)DbType="MySql";ConfigId="0"      
      ++++++++++++++++++++++++++++++++++++++++++++++++++++++++
      SqlSugar.SqlSugarException: 中文提示 :  连接数据库过程中发生错误，检查服务器是否正常连接字符串是否正确，错误信息：Access denied for user 'root'@'localhost' (using password: YES)DbType="MySql";ConfigId="0".
      English Message : Connection open error . Access denied for user 'root'@'localhost' (using password: YES)DbType="MySql";ConfigId="0"
         at SqlSugar.Check.Exception(Boolean isException, String message, String[] args)
         at SqlSugar.AdoProvider.CheckConnection()
         at SqlSugar.MySqlProvider.GetCommand(String sql, SugarParameter[] parameters)
         at SqlSugar.AdoProvider.GetDataReader(String sql, SugarParameter[] parameters)
         at SqlSugar.QueryableProvider`1.GetData[TResult](KeyValuePair`2 sqlObj)
         at SqlSugar.QueryableProvider`1._ToList[TResult]()
         at SqlSugar.QueryableProvider`1.ToList()
         at SqlSugar.QueryableProvider`1.First()
         at SqlSugar.QueryableProvider`1.First(Expression`1 expression)
         at Magic.Core.Service.AuthService.LoginAsync(LoginInput input) in E:\项目\GlassesManager\backed\Magic.Core\Service\Auth\AuthService.cs:line 75
         at lambda_method29(Closure, Object)
         at Microsoft.AspNetCore.Mvc.Infrastructure.ActionMethodExecutor.AwaitableObjectResultExecutor.Execute(ActionContext actionContext, IActionResultTypeMapper mapper, ObjectMethodExecutor executor, Object controller, Object[] arguments)
         at Microsoft.AspNetCore.Mvc.Infrastructure.ControllerActionInvoker.<InvokeActionMethodAsync>g__Logged|12_1(ControllerActionInvoker invoker)
         at Microsoft.AspNetCore.Mvc.Infrastructure.ControllerActionInvoker.<InvokeNextActionFilterAsync>g__Awaited|10_0(ControllerActionInvoker invoker, Task lastTask, State next, Scope scope, Object state, Boolean isCompleted)
         at Microsoft.AspNetCore.Mvc.Infrastructure.ControllerActionInvoker.Rethrow(ActionExecutedContextSealed context)
         at Microsoft.AspNetCore.Mvc.Infrastructure.ControllerActionInvoker.Next(State& next, Scope& scope, Object& state, Boolean& isCompleted)
         at Microsoft.AspNetCore.Mvc.Infrastructure.ControllerActionInvoker.InvokeInnerFilterAsync()
      --- End of stack trace from previous location ---
         at Microsoft.AspNetCore.Mvc.Infrastructure.ResourceInvoker.<InvokeNextExceptionFilterAsync>g__Awaited|26_0(ResourceInvoker invoker, Task lastTask, State next, Scope scope, Object state, Boolean isCompleted)
      ++++++++++++++++++++++++++++++++++++++++++++++++++++++++
fail: 2023-01-29 23:55:56.6438466 +08:00 星期日 L System.Logging.EventBusService[0] #21
      Error occurred executing Create:OpLog.      
      ++++++++++++++++++++++++++++++++++++++++++++++++++++++++
      SqlSugar.SqlSugarException: Access denied for user 'root'@'localhost' (using password: YES)
         at SqlSugar.MySqlProvider.ExecuteCommandAsync(String sql, SugarParameter[] parameters)
         at SqlSugar.MySqlProvider.ExecuteCommandAsync(String sql, SugarParameter[] parameters)
         at SqlSugar.InsertableProvider`1.ExecuteCommandAsync()
         at Magic.Core.LogEventSubscriber.CreateOpLog(EventHandlerExecutingContext context) in E:\项目\GlassesManager\backed\Magic.Core\EventSubscriber\LogEventSubscriber.cs:line 24
         at Furion.EventBus.EventBusHostedService.<>c__DisplayClass32_2.<<BackgroundProcessing>b__5>d.MoveNext()
      --- End of stack trace from previous location ---
         at Furion.FriendlyException.Retry.InvokeAsync(Func`1 action, Int32 numRetries, Int32 retryTimeout, Boolean finalThrow, Type[] exceptionTypes, Func`2 fallbackPolicy, Action`2 retryAction)
         at Furion.EventBus.EventBusHostedService.<>c__DisplayClass32_1.<<BackgroundProcessing>b__4>d.MoveNext()
      ++++++++++++++++++++++++++++++++++++++++++++++++++++++++
fail: 2023-01-29 23:55:56.6438465 +08:00 星期日 L System.Logging.EventBusService[0] #18
      Error occurred executing Create:ExLog.      
      ++++++++++++++++++++++++++++++++++++++++++++++++++++++++
      SqlSugar.SqlSugarException: Access denied for user 'root'@'localhost' (using password: YES)
         at SqlSugar.MySqlProvider.ExecuteCommandAsync(String sql, SugarParameter[] parameters)
         at SqlSugar.MySqlProvider.ExecuteCommandAsync(String sql, SugarParameter[] parameters)
         at SqlSugar.InsertableProvider`1.ExecuteCommandAsync()
         at Magic.Core.LogEventSubscriber.CreateExLog(EventHandlerExecutingContext context) in E:\项目\GlassesManager\backed\Magic.Core\EventSubscriber\LogEventSubscriber.cs:line 33
         at Furion.EventBus.EventBusHostedService.<>c__DisplayClass32_2.<<BackgroundProcessing>b__5>d.MoveNext()
      --- End of stack trace from previous location ---
         at Furion.FriendlyException.Retry.InvokeAsync(Func`1 action, Int32 numRetries, Int32 retryTimeout, Boolean finalThrow, Type[] exceptionTypes, Func`2 fallbackPolicy, Action`2 retryAction)
         at Furion.EventBus.EventBusHostedService.<>c__DisplayClass32_1.<<BackgroundProcessing>b__4>d.MoveNext()
      ++++++++++++++++++++++++++++++++++++++++++++++++++++++++
fail: 2023-01-29 23:56:57.1232903 +08:00 星期日 L System.Logging.FriendlyException[0] #28
      中文提示 :  连接数据库过程中发生错误，检查服务器是否正常连接字符串是否正确，错误信息：Access denied for user 'root'@'localhost' (using password: YES)DbType="MySql";ConfigId="0".
      English Message : Connection open error . Access denied for user 'root'@'localhost' (using password: YES)DbType="MySql";ConfigId="0"      
      ++++++++++++++++++++++++++++++++++++++++++++++++++++++++
      SqlSugar.SqlSugarException: 中文提示 :  连接数据库过程中发生错误，检查服务器是否正常连接字符串是否正确，错误信息：Access denied for user 'root'@'localhost' (using password: YES)DbType="MySql";ConfigId="0".
      English Message : Connection open error . Access denied for user 'root'@'localhost' (using password: YES)DbType="MySql";ConfigId="0"
         at SqlSugar.Check.Exception(Boolean isException, String message, String[] args)
         at SqlSugar.AdoProvider.CheckConnection()
         at SqlSugar.MySqlProvider.GetCommand(String sql, SugarParameter[] parameters)
         at SqlSugar.AdoProvider.GetDataReader(String sql, SugarParameter[] parameters)
         at SqlSugar.QueryableProvider`1.GetData[TResult](KeyValuePair`2 sqlObj)
         at SqlSugar.QueryableProvider`1._ToList[TResult]()
         at SqlSugar.QueryableProvider`1.ToList()
         at SqlSugar.QueryableProvider`1.First()
         at SqlSugar.QueryableProvider`1.First(Expression`1 expression)
         at Magic.Core.Service.AuthService.LoginAsync(LoginInput input) in E:\项目\GlassesManager\backed\Magic.Core\Service\Auth\AuthService.cs:line 75
         at lambda_method29(Closure, Object)
         at Microsoft.AspNetCore.Mvc.Infrastructure.ActionMethodExecutor.AwaitableObjectResultExecutor.Execute(ActionContext actionContext, IActionResultTypeMapper mapper, ObjectMethodExecutor executor, Object controller, Object[] arguments)
         at Microsoft.AspNetCore.Mvc.Infrastructure.ControllerActionInvoker.<InvokeActionMethodAsync>g__Logged|12_1(ControllerActionInvoker invoker)
         at Microsoft.AspNetCore.Mvc.Infrastructure.ControllerActionInvoker.<InvokeNextActionFilterAsync>g__Awaited|10_0(ControllerActionInvoker invoker, Task lastTask, State next, Scope scope, Object state, Boolean isCompleted)
         at Microsoft.AspNetCore.Mvc.Infrastructure.ControllerActionInvoker.Rethrow(ActionExecutedContextSealed context)
         at Microsoft.AspNetCore.Mvc.Infrastructure.ControllerActionInvoker.Next(State& next, Scope& scope, Object& state, Boolean& isCompleted)
         at Microsoft.AspNetCore.Mvc.Infrastructure.ControllerActionInvoker.InvokeInnerFilterAsync()
      --- End of stack trace from previous location ---
         at Microsoft.AspNetCore.Mvc.Infrastructure.ResourceInvoker.<InvokeNextExceptionFilterAsync>g__Awaited|26_0(ResourceInvoker invoker, Task lastTask, State next, Scope scope, Object state, Boolean isCompleted)
      ++++++++++++++++++++++++++++++++++++++++++++++++++++++++
fail: 2023-01-29 23:56:57.1883218 +08:00 星期日 L System.Logging.EventBusService[0] #18
      Error occurred executing Create:ExLog.      
      ++++++++++++++++++++++++++++++++++++++++++++++++++++++++
      SqlSugar.SqlSugarException: Access denied for user 'root'@'localhost' (using password: YES)
         at SqlSugar.MySqlProvider.ExecuteCommandAsync(String sql, SugarParameter[] parameters)
         at SqlSugar.MySqlProvider.ExecuteCommandAsync(String sql, SugarParameter[] parameters)
         at SqlSugar.InsertableProvider`1.ExecuteCommandAsync()
         at Magic.Core.LogEventSubscriber.CreateExLog(EventHandlerExecutingContext context) in E:\项目\GlassesManager\backed\Magic.Core\EventSubscriber\LogEventSubscriber.cs:line 33
         at Furion.EventBus.EventBusHostedService.<>c__DisplayClass32_2.<<BackgroundProcessing>b__5>d.MoveNext()
      --- End of stack trace from previous location ---
         at Furion.FriendlyException.Retry.InvokeAsync(Func`1 action, Int32 numRetries, Int32 retryTimeout, Boolean finalThrow, Type[] exceptionTypes, Func`2 fallbackPolicy, Action`2 retryAction)
         at Furion.EventBus.EventBusHostedService.<>c__DisplayClass32_1.<<BackgroundProcessing>b__4>d.MoveNext()
      ++++++++++++++++++++++++++++++++++++++++++++++++++++++++
fail: 2023-01-29 23:56:57.1883232 +08:00 星期日 L System.Logging.EventBusService[0] #11
      Error occurred executing Create:OpLog.      
      ++++++++++++++++++++++++++++++++++++++++++++++++++++++++
      SqlSugar.SqlSugarException: Access denied for user 'root'@'localhost' (using password: YES)
         at SqlSugar.MySqlProvider.ExecuteCommandAsync(String sql, SugarParameter[] parameters)
         at SqlSugar.MySqlProvider.ExecuteCommandAsync(String sql, SugarParameter[] parameters)
         at SqlSugar.InsertableProvider`1.ExecuteCommandAsync()
         at Magic.Core.LogEventSubscriber.CreateOpLog(EventHandlerExecutingContext context) in E:\项目\GlassesManager\backed\Magic.Core\EventSubscriber\LogEventSubscriber.cs:line 24
         at Furion.EventBus.EventBusHostedService.<>c__DisplayClass32_2.<<BackgroundProcessing>b__5>d.MoveNext()
      --- End of stack trace from previous location ---
         at Furion.FriendlyException.Retry.InvokeAsync(Func`1 action, Int32 numRetries, Int32 retryTimeout, Boolean finalThrow, Type[] exceptionTypes, Func`2 fallbackPolicy, Action`2 retryAction)
         at Furion.EventBus.EventBusHostedService.<>c__DisplayClass32_1.<<BackgroundProcessing>b__4>d.MoveNext()
      ++++++++++++++++++++++++++++++++++++++++++++++++++++++++
fail: 2023-01-29 23:56:58.8233568 +08:00 星期日 L System.Logging.FriendlyException[0] #17
      中文提示 :  连接数据库过程中发生错误，检查服务器是否正常连接字符串是否正确，错误信息：Access denied for user 'root'@'localhost' (using password: YES)DbType="MySql";ConfigId="0".
      English Message : Connection open error . Access denied for user 'root'@'localhost' (using password: YES)DbType="MySql";ConfigId="0"      
      ++++++++++++++++++++++++++++++++++++++++++++++++++++++++
      SqlSugar.SqlSugarException: 中文提示 :  连接数据库过程中发生错误，检查服务器是否正常连接字符串是否正确，错误信息：Access denied for user 'root'@'localhost' (using password: YES)DbType="MySql";ConfigId="0".
      English Message : Connection open error . Access denied for user 'root'@'localhost' (using password: YES)DbType="MySql";ConfigId="0"
         at SqlSugar.Check.Exception(Boolean isException, String message, String[] args)
         at SqlSugar.AdoProvider.CheckConnection()
         at SqlSugar.MySqlProvider.GetCommand(String sql, SugarParameter[] parameters)
         at SqlSugar.AdoProvider.GetDataReader(String sql, SugarParameter[] parameters)
         at SqlSugar.QueryableProvider`1.GetData[TResult](KeyValuePair`2 sqlObj)
         at SqlSugar.QueryableProvider`1._ToList[TResult]()
         at SqlSugar.QueryableProvider`1.ToList()
         at SqlSugar.QueryableProvider`1.First()
         at SqlSugar.QueryableProvider`1.First(Expression`1 expression)
         at Magic.Core.Service.AuthService.LoginAsync(LoginInput input) in E:\项目\GlassesManager\backed\Magic.Core\Service\Auth\AuthService.cs:line 75
         at lambda_method29(Closure, Object)
         at Microsoft.AspNetCore.Mvc.Infrastructure.ActionMethodExecutor.AwaitableObjectResultExecutor.Execute(ActionContext actionContext, IActionResultTypeMapper mapper, ObjectMethodExecutor executor, Object controller, Object[] arguments)
         at Microsoft.AspNetCore.Mvc.Infrastructure.ControllerActionInvoker.<InvokeActionMethodAsync>g__Logged|12_1(ControllerActionInvoker invoker)
         at Microsoft.AspNetCore.Mvc.Infrastructure.ControllerActionInvoker.<InvokeNextActionFilterAsync>g__Awaited|10_0(ControllerActionInvoker invoker, Task lastTask, State next, Scope scope, Object state, Boolean isCompleted)
         at Microsoft.AspNetCore.Mvc.Infrastructure.ControllerActionInvoker.Rethrow(ActionExecutedContextSealed context)
         at Microsoft.AspNetCore.Mvc.Infrastructure.ControllerActionInvoker.Next(State& next, Scope& scope, Object& state, Boolean& isCompleted)
         at Microsoft.AspNetCore.Mvc.Infrastructure.ControllerActionInvoker.InvokeInnerFilterAsync()
      --- End of stack trace from previous location ---
         at Microsoft.AspNetCore.Mvc.Infrastructure.ResourceInvoker.<InvokeNextExceptionFilterAsync>g__Awaited|26_0(ResourceInvoker invoker, Task lastTask, State next, Scope scope, Object state, Boolean isCompleted)
      ++++++++++++++++++++++++++++++++++++++++++++++++++++++++
fail: 2023-01-29 23:56:58.8863876 +08:00 星期日 L System.Logging.EventBusService[0] #20
      Error occurred executing Create:OpLog.      
      ++++++++++++++++++++++++++++++++++++++++++++++++++++++++
      SqlSugar.SqlSugarException: Access denied for user 'root'@'localhost' (using password: YES)
         at SqlSugar.MySqlProvider.ExecuteCommandAsync(String sql, SugarParameter[] parameters)
         at SqlSugar.MySqlProvider.ExecuteCommandAsync(String sql, SugarParameter[] parameters)
         at SqlSugar.InsertableProvider`1.ExecuteCommandAsync()
         at Magic.Core.LogEventSubscriber.CreateOpLog(EventHandlerExecutingContext context) in E:\项目\GlassesManager\backed\Magic.Core\EventSubscriber\LogEventSubscriber.cs:line 24
         at Furion.EventBus.EventBusHostedService.<>c__DisplayClass32_2.<<BackgroundProcessing>b__5>d.MoveNext()
      --- End of stack trace from previous location ---
         at Furion.FriendlyException.Retry.InvokeAsync(Func`1 action, Int32 numRetries, Int32 retryTimeout, Boolean finalThrow, Type[] exceptionTypes, Func`2 fallbackPolicy, Action`2 retryAction)
         at Furion.EventBus.EventBusHostedService.<>c__DisplayClass32_1.<<BackgroundProcessing>b__4>d.MoveNext()
      ++++++++++++++++++++++++++++++++++++++++++++++++++++++++
fail: 2023-01-29 23:56:58.8863877 +08:00 星期日 L System.Logging.EventBusService[0] #28
      Error occurred executing Create:ExLog.      
      ++++++++++++++++++++++++++++++++++++++++++++++++++++++++
      SqlSugar.SqlSugarException: Access denied for user 'root'@'localhost' (using password: YES)
         at SqlSugar.MySqlProvider.ExecuteCommandAsync(String sql, SugarParameter[] parameters)
         at SqlSugar.MySqlProvider.ExecuteCommandAsync(String sql, SugarParameter[] parameters)
         at SqlSugar.InsertableProvider`1.ExecuteCommandAsync()
         at Magic.Core.LogEventSubscriber.CreateExLog(EventHandlerExecutingContext context) in E:\项目\GlassesManager\backed\Magic.Core\EventSubscriber\LogEventSubscriber.cs:line 33
         at Furion.EventBus.EventBusHostedService.<>c__DisplayClass32_2.<<BackgroundProcessing>b__5>d.MoveNext()
      --- End of stack trace from previous location ---
         at Furion.FriendlyException.Retry.InvokeAsync(Func`1 action, Int32 numRetries, Int32 retryTimeout, Boolean finalThrow, Type[] exceptionTypes, Func`2 fallbackPolicy, Action`2 retryAction)
         at Furion.EventBus.EventBusHostedService.<>c__DisplayClass32_1.<<BackgroundProcessing>b__4>d.MoveNext()
      ++++++++++++++++++++++++++++++++++++++++++++++++++++++++
fail: 2023-01-29 23:57:56.4128026 +08:00 星期日 L System.Logging.FriendlyException[0] #16
      中文提示 :  连接数据库过程中发生错误，检查服务器是否正常连接字符串是否正确，错误信息：Access denied for user 'root'@'localhost' (using password: YES)DbType="MySql";ConfigId="0".
      English Message : Connection open error . Access denied for user 'root'@'localhost' (using password: YES)DbType="MySql";ConfigId="0"      
      ++++++++++++++++++++++++++++++++++++++++++++++++++++++++
      SqlSugar.SqlSugarException: 中文提示 :  连接数据库过程中发生错误，检查服务器是否正常连接字符串是否正确，错误信息：Access denied for user 'root'@'localhost' (using password: YES)DbType="MySql";ConfigId="0".
      English Message : Connection open error . Access denied for user 'root'@'localhost' (using password: YES)DbType="MySql";ConfigId="0"
         at SqlSugar.Check.Exception(Boolean isException, String message, String[] args)
         at SqlSugar.AdoProvider.CheckConnection()
         at SqlSugar.MySqlProvider.GetCommand(String sql, SugarParameter[] parameters)
         at SqlSugar.AdoProvider.GetDataReader(String sql, SugarParameter[] parameters)
         at SqlSugar.QueryableProvider`1.GetData[TResult](KeyValuePair`2 sqlObj)
         at SqlSugar.QueryableProvider`1._ToList[TResult]()
         at SqlSugar.QueryableProvider`1.ToList()
         at SqlSugar.QueryableProvider`1.First()
         at SqlSugar.QueryableProvider`1.First(Expression`1 expression)
         at Magic.Core.Service.AuthService.LoginAsync(LoginInput input) in E:\项目\GlassesManager\backed\Magic.Core\Service\Auth\AuthService.cs:line 75
         at lambda_method29(Closure, Object)
         at Microsoft.AspNetCore.Mvc.Infrastructure.ActionMethodExecutor.AwaitableObjectResultExecutor.Execute(ActionContext actionContext, IActionResultTypeMapper mapper, ObjectMethodExecutor executor, Object controller, Object[] arguments)
         at Microsoft.AspNetCore.Mvc.Infrastructure.ControllerActionInvoker.<InvokeActionMethodAsync>g__Logged|12_1(ControllerActionInvoker invoker)
         at Microsoft.AspNetCore.Mvc.Infrastructure.ControllerActionInvoker.<InvokeNextActionFilterAsync>g__Awaited|10_0(ControllerActionInvoker invoker, Task lastTask, State next, Scope scope, Object state, Boolean isCompleted)
         at Microsoft.AspNetCore.Mvc.Infrastructure.ControllerActionInvoker.Rethrow(ActionExecutedContextSealed context)
         at Microsoft.AspNetCore.Mvc.Infrastructure.ControllerActionInvoker.Next(State& next, Scope& scope, Object& state, Boolean& isCompleted)
         at Microsoft.AspNetCore.Mvc.Infrastructure.ControllerActionInvoker.InvokeInnerFilterAsync()
      --- End of stack trace from previous location ---
         at Microsoft.AspNetCore.Mvc.Infrastructure.ResourceInvoker.<InvokeNextExceptionFilterAsync>g__Awaited|26_0(ResourceInvoker invoker, Task lastTask, State next, Scope scope, Object state, Boolean isCompleted)
      ++++++++++++++++++++++++++++++++++++++++++++++++++++++++
fail: 2023-01-29 23:57:56.5189006 +08:00 星期日 L System.Logging.EventBusService[0] #10
      Error occurred executing Create:ExLog.      
      ++++++++++++++++++++++++++++++++++++++++++++++++++++++++
      SqlSugar.SqlSugarException: Access denied for user 'root'@'localhost' (using password: YES)
         at SqlSugar.MySqlProvider.ExecuteCommandAsync(String sql, SugarParameter[] parameters)
         at SqlSugar.MySqlProvider.ExecuteCommandAsync(String sql, SugarParameter[] parameters)
         at SqlSugar.InsertableProvider`1.ExecuteCommandAsync()
         at Magic.Core.LogEventSubscriber.CreateExLog(EventHandlerExecutingContext context) in E:\项目\GlassesManager\backed\Magic.Core\EventSubscriber\LogEventSubscriber.cs:line 33
         at Furion.EventBus.EventBusHostedService.<>c__DisplayClass32_2.<<BackgroundProcessing>b__5>d.MoveNext()
      --- End of stack trace from previous location ---
         at Furion.FriendlyException.Retry.InvokeAsync(Func`1 action, Int32 numRetries, Int32 retryTimeout, Boolean finalThrow, Type[] exceptionTypes, Func`2 fallbackPolicy, Action`2 retryAction)
         at Furion.EventBus.EventBusHostedService.<>c__DisplayClass32_1.<<BackgroundProcessing>b__4>d.MoveNext()
      ++++++++++++++++++++++++++++++++++++++++++++++++++++++++
fail: 2023-01-29 23:57:56.5189014 +08:00 星期日 L System.Logging.EventBusService[0] #18
      Error occurred executing Create:OpLog.      
      ++++++++++++++++++++++++++++++++++++++++++++++++++++++++
      SqlSugar.SqlSugarException: Access denied for user 'root'@'localhost' (using password: YES)
         at SqlSugar.MySqlProvider.ExecuteCommandAsync(String sql, SugarParameter[] parameters)
         at SqlSugar.MySqlProvider.ExecuteCommandAsync(String sql, SugarParameter[] parameters)
         at SqlSugar.InsertableProvider`1.ExecuteCommandAsync()
         at Magic.Core.LogEventSubscriber.CreateOpLog(EventHandlerExecutingContext context) in E:\项目\GlassesManager\backed\Magic.Core\EventSubscriber\LogEventSubscriber.cs:line 24
         at Furion.EventBus.EventBusHostedService.<>c__DisplayClass32_2.<<BackgroundProcessing>b__5>d.MoveNext()
      --- End of stack trace from previous location ---
         at Furion.FriendlyException.Retry.InvokeAsync(Func`1 action, Int32 numRetries, Int32 retryTimeout, Boolean finalThrow, Type[] exceptionTypes, Func`2 fallbackPolicy, Action`2 retryAction)
         at Furion.EventBus.EventBusHostedService.<>c__DisplayClass32_1.<<BackgroundProcessing>b__4>d.MoveNext()
      ++++++++++++++++++++++++++++++++++++++++++++++++++++++++
